#
# A fatal error has been detected by the Java Runtime Environment:
#
#  EXCEPTION_ACCESS_VIOLATION (0xc0000005) at pc=0x55c7ba6e, pid=21084, tid=0x00002894
#
# JRE version: Java(TM) SE Runtime Environment (8.0_172-b11) (build 1.8.0_172-b11)
# Java VM: Java HotSpot(TM) Client VM (25.172-b11 mixed mode, sharing windows-x86 )
# Problematic frame:
# V  [jvm.dll+0xdba6e]
#
# Failed to write core dump. Minidumps are not enabled by default on client versions of Windows
#
# If you would like to submit a bug report, please visit:
#   http://bugreport.java.com/bugreport/crash.jsp
#

---------------  T H R E A D  ---------------

Current thread (0x1539c000):  JavaThread "AWT-EventQueue-0" [_thread_in_vm, id=10388, stack(0x158b0000,0x15900000)]

siginfo: ExceptionCode=0xc0000005, reading address 0x00000000

Registers:
EAX=0x00000000, EBX=0x00000000, ECX=0x00000000, EDX=0x00000000
ESP=0x158fded8, EBP=0x158fdf08, ESI=0x161e99a0, EDI=0x1539c000
EIP=0x55c7ba6e, EFLAGS=0x00010246

Top of Stack: (sp=0x158fded8)
0x158fded8:   1539c140 161e99a0 14b69018 fffffffe
0x158fdee8:   158fdf08 613813c4 161e99a0 00000000
0x158fdef8:   1539c000 00000000 04b1d200 14b69018
0x158fdf08:   158fdf38 61381f65 1539c000 00000000
0x158fdf18:   00000000 50200030 04b1d200 158fdf38
0x158fdf28:   158fdf58 14b69018 14b69010 1539c000
0x158fdf38:   158fdf78 0280e22f 1539c140 158fdf8c
0x158fdf48:   00000000 158fdf50 1539c00d 04f917e0 

Instructions: (pc=0x55c7ba6e)
0x55c7ba4e:   e8 7d b8 f2 ff 33 db 83 c4 08 89 7d f0 89 5d f4
0x55c7ba5e:   39 5f 04 74 08 8d 4d f0 e8 75 ed 0c 00 8b 45 0c
0x55c7ba6e:   8b 30 8b 0d a0 d6 f1 55 39 1c 31 74 45 56 e8 5f
0x55c7ba7e:   9a f6 ff 83 c4 04 6a 00 6a 00 8d 4d dc 8d 78 01 


Register to memory mapping:

EAX=0x00000000 is an unknown value
EBX=0x00000000 is an unknown value
ECX=0x00000000 is an unknown value
EDX=0x00000000 is an unknown value
ESP=0x158fded8 is pointing into the stack for thread: 0x1539c000
EBP=0x158fdf08 is pointing into the stack for thread: 0x1539c000
ESI=0x161e99a0 is an unknown value
EDI=0x1539c000 is a thread


Stack: [0x158b0000,0x15900000],  sp=0x158fded8,  free space=311k
Native frames: (J=compiled Java code, j=interpreted, Vv=VM code, C=native code)
V  [jvm.dll+0xdba6e]
C  [sqlite-3.7.2-sqlitejdbc.dll+0x1f65]
j  org.sqlite.NativeDB.prepare(Ljava/lang/String;)J+0
j  org.sqlite.DB.prepare(Lorg/sqlite/Stmt;)V+21
j  org.sqlite.PrepStmt.<init>(Lorg/sqlite/Conn;Ljava/lang/String;)V+15
j  org.sqlite.Conn.prepareStatement(Ljava/lang/String;III)Ljava/sql/PreparedStatement;+14
j  org.sqlite.Conn.prepareStatement(Ljava/lang/String;II)Ljava/sql/PreparedStatement;+5
j  org.sqlite.Conn.prepareStatement(Ljava/lang/String;)Ljava/sql/PreparedStatement;+8
j  COMPATABLITY.Search2(Ljava/lang/String;)V+6
j  COMPATABLITY.COMPATIBLE()V+476
j  COMPATABLITY.jButton2ActionPerformed(Ljava/awt/event/ActionEvent;)V+1
j  COMPATABLITY.access$100(LCOMPATABLITY;Ljava/awt/event/ActionEvent;)V+2
j  COMPATABLITY$2.actionPerformed(Ljava/awt/event/ActionEvent;)V+5
j  javax.swing.AbstractButton.fireActionPerformed(Ljava/awt/event/ActionEvent;)V+83
j  javax.swing.AbstractButton$Handler.actionPerformed(Ljava/awt/event/ActionEvent;)V+5
j  javax.swing.DefaultButtonModel.fireActionPerformed(Ljava/awt/event/ActionEvent;)V+34
j  javax.swing.DefaultButtonModel.setPressed(Z)V+117
j  javax.swing.plaf.basic.BasicButtonListener.mouseReleased(Ljava/awt/event/MouseEvent;)V+35
j  java.awt.Component.processMouseEvent(Ljava/awt/event/MouseEvent;)V+64
j  javax.swing.JComponent.processMouseEvent(Ljava/awt/event/MouseEvent;)V+23
J 997 C1 java.awt.Component.processEvent(Ljava/awt/AWTEvent;)V (220 bytes) @ 0x02a19ab8 [0x02a199b0+0x108]
J 999 C1 java.awt.Container.processEvent(Ljava/awt/AWTEvent;)V (22 bytes) @ 0x02a1a7d8 [0x02a1a760+0x78]
J 797 C1 java.awt.Component.dispatchEventImpl(Ljava/awt/AWTEvent;)V (921 bytes) @ 0x02989b54 [0x02988b30+0x1024]
J 617 C1 java.awt.Container.dispatchEventImpl(Ljava/awt/AWTEvent;)V (129 bytes) @ 0x0298467c [0x02984620+0x5c]
J 450 C1 java.awt.LightweightDispatcher.retargetMouseEvent(Ljava/awt/Component;ILjava/awt/event/MouseEvent;)V (372 bytes) @ 0x02953068 [0x02952990+0x6d8]
J 860 C1 java.awt.LightweightDispatcher.processMouseEvent(Ljava/awt/event/MouseEvent;)Z (286 bytes) @ 0x029daf18 [0x029daaa0+0x478]
J 837 C1 java.awt.LightweightDispatcher.dispatchEvent(Ljava/awt/AWTEvent;)Z (73 bytes) @ 0x029d1f9c [0x029d1eb0+0xec]
J 617 C1 java.awt.Container.dispatchEventImpl(Ljava/awt/AWTEvent;)V (129 bytes) @ 0x02984660 [0x02984620+0x40]
J 629 C1 java.awt.Window.dispatchEventImpl(Ljava/awt/AWTEvent;)V (23 bytes) @ 0x02995ac8 [0x029959c0+0x108]
J 467 C1 java.awt.EventQueue.dispatchEventImpl(Ljava/awt/AWTEvent;Ljava/lang/Object;)V (149 bytes) @ 0x02957b5c [0x02957710+0x44c]
J 464 C1 java.awt.EventQueue$3.run()Ljava/lang/Void; (60 bytes) @ 0x02956e9c [0x02956e40+0x5c]
J 463 C1 java.awt.EventQueue$3.run()Ljava/lang/Object; (5 bytes) @ 0x02956c20 [0x02956c00+0x20]
v  ~StubRoutines::call_stub
V  [jvm.dll+0x15c085]
V  [jvm.dll+0x2239de]
V  [jvm.dll+0x15c11e]
V  [jvm.dll+0x10c2af]
C  [java.dll+0x102f]
J 675 C1 java.awt.EventQueue$4.run()Ljava/lang/Object; (5 bytes) @ 0x029a3c18 [0x029a3b50+0xc8]
v  ~StubRoutines::call_stub
V  [jvm.dll+0x15c085]
V  [jvm.dll+0x2239de]
V  [jvm.dll+0x15c11e]
V  [jvm.dll+0x10c2af]
C  [java.dll+0x102f]
J 459 C1 java.awt.EventQueue.dispatchEvent(Ljava/awt/AWTEvent;)V (80 bytes) @ 0x0295591c [0x029555c0+0x35c]
J 473 C1 java.awt.EventDispatchThread.pumpOneEventForFilters(I)V (190 bytes) @ 0x0295a658 [0x0295a260+0x3f8]
J 1276% C1 java.awt.EventDispatchThread.pumpEventsForFilter(ILjava/awt/Conditional;Ljava/awt/EventFilter;)V (47 bytes) @ 0x02a740b0 [0x02a74000+0xb0]
j  java.awt.EventDispatchThread.pumpEventsForHierarchy(ILjava/awt/Conditional;Ljava/awt/Component;)V+11
j  java.awt.EventDispatchThread.pumpEvents(ILjava/awt/Conditional;)V+4
j  java.awt.EventDispatchThread.pumpEvents(Ljava/awt/Conditional;)V+3
j  java.awt.EventDispatchThread.run()V+9
v  ~StubRoutines::call_stub
V  [jvm.dll+0x15c085]
V  [jvm.dll+0x2239de]
V  [jvm.dll+0x15c11e]
V  [jvm.dll+0x15c2a6]
V  [jvm.dll+0x15c317]
V  [jvm.dll+0x10024f]
V  [jvm.dll+0x17f2a0]
V  [jvm.dll+0x17fb1a]
V  [jvm.dll+0x1c5416]
C  [msvcr100.dll+0x5c556]
C  [msvcr100.dll+0x5c600]
C  [KERNEL32.DLL+0x18484]
C  [ntdll.dll+0x6305a]
C  [ntdll.dll+0x6302a]
C  0x00000000

Java frames: (J=compiled Java code, j=interpreted, Vv=VM code)
j  org.sqlite.NativeDB.prepare(Ljava/lang/String;)J+0
j  org.sqlite.DB.prepare(Lorg/sqlite/Stmt;)V+21
j  org.sqlite.PrepStmt.<init>(Lorg/sqlite/Conn;Ljava/lang/String;)V+15
j  org.sqlite.Conn.prepareStatement(Ljava/lang/String;III)Ljava/sql/PreparedStatement;+14
j  org.sqlite.Conn.prepareStatement(Ljava/lang/String;II)Ljava/sql/PreparedStatement;+5
j  org.sqlite.Conn.prepareStatement(Ljava/lang/String;)Ljava/sql/PreparedStatement;+8
j  COMPATABLITY.Search2(Ljava/lang/String;)V+6
j  COMPATABLITY.COMPATIBLE()V+476
j  COMPATABLITY.jButton2ActionPerformed(Ljava/awt/event/ActionEvent;)V+1
j  COMPATABLITY.access$100(LCOMPATABLITY;Ljava/awt/event/ActionEvent;)V+2
j  COMPATABLITY$2.actionPerformed(Ljava/awt/event/ActionEvent;)V+5
j  javax.swing.AbstractButton.fireActionPerformed(Ljava/awt/event/ActionEvent;)V+83
j  javax.swing.AbstractButton$Handler.actionPerformed(Ljava/awt/event/ActionEvent;)V+5
j  javax.swing.DefaultButtonModel.fireActionPerformed(Ljava/awt/event/ActionEvent;)V+34
j  javax.swing.DefaultButtonModel.setPressed(Z)V+117
j  javax.swing.plaf.basic.BasicButtonListener.mouseReleased(Ljava/awt/event/MouseEvent;)V+35
j  java.awt.Component.processMouseEvent(Ljava/awt/event/MouseEvent;)V+64
j  javax.swing.JComponent.processMouseEvent(Ljava/awt/event/MouseEvent;)V+23
J 997 C1 java.awt.Component.processEvent(Ljava/awt/AWTEvent;)V (220 bytes) @ 0x02a19ab8 [0x02a199b0+0x108]
J 999 C1 java.awt.Container.processEvent(Ljava/awt/AWTEvent;)V (22 bytes) @ 0x02a1a7d8 [0x02a1a760+0x78]
J 797 C1 java.awt.Component.dispatchEventImpl(Ljava/awt/AWTEvent;)V (921 bytes) @ 0x02989b54 [0x02988b30+0x1024]
J 617 C1 java.awt.Container.dispatchEventImpl(Ljava/awt/AWTEvent;)V (129 bytes) @ 0x0298467c [0x02984620+0x5c]
J 450 C1 java.awt.LightweightDispatcher.retargetMouseEvent(Ljava/awt/Component;ILjava/awt/event/MouseEvent;)V (372 bytes) @ 0x02953068 [0x02952990+0x6d8]
J 860 C1 java.awt.LightweightDispatcher.processMouseEvent(Ljava/awt/event/MouseEvent;)Z (286 bytes) @ 0x029daf18 [0x029daaa0+0x478]
J 837 C1 java.awt.LightweightDispatcher.dispatchEvent(Ljava/awt/AWTEvent;)Z (73 bytes) @ 0x029d1f9c [0x029d1eb0+0xec]
J 617 C1 java.awt.Container.dispatchEventImpl(Ljava/awt/AWTEvent;)V (129 bytes) @ 0x02984660 [0x02984620+0x40]
J 629 C1 java.awt.Window.dispatchEventImpl(Ljava/awt/AWTEvent;)V (23 bytes) @ 0x02995ac8 [0x029959c0+0x108]
J 467 C1 java.awt.EventQueue.dispatchEventImpl(Ljava/awt/AWTEvent;Ljava/lang/Object;)V (149 bytes) @ 0x02957b5c [0x02957710+0x44c]
J 464 C1 java.awt.EventQueue$3.run()Ljava/lang/Void; (60 bytes) @ 0x02956e9c [0x02956e40+0x5c]
J 463 C1 java.awt.EventQueue$3.run()Ljava/lang/Object; (5 bytes) @ 0x02956c20 [0x02956c00+0x20]
v  ~StubRoutines::call_stub
J 355  java.security.AccessController.doPrivileged(Ljava/security/PrivilegedAction;Ljava/security/AccessControlContext;)Ljava/lang/Object; (0 bytes) @ 0x02931b07 [0x02931aa0+0x67]
J 675 C1 java.awt.EventQueue$4.run()Ljava/lang/Object; (5 bytes) @ 0x029a3c18 [0x029a3b50+0xc8]
v  ~StubRoutines::call_stub
J 355  java.security.AccessController.doPrivileged(Ljava/security/PrivilegedAction;Ljava/security/AccessControlContext;)Ljava/lang/Object; (0 bytes) @ 0x02931b07 [0x02931aa0+0x67]
J 459 C1 java.awt.EventQueue.dispatchEvent(Ljava/awt/AWTEvent;)V (80 bytes) @ 0x0295591c [0x029555c0+0x35c]
J 473 C1 java.awt.EventDispatchThread.pumpOneEventForFilters(I)V (190 bytes) @ 0x0295a658 [0x0295a260+0x3f8]
J 1276% C1 java.awt.EventDispatchThread.pumpEventsForFilter(ILjava/awt/Conditional;Ljava/awt/EventFilter;)V (47 bytes) @ 0x02a740b0 [0x02a74000+0xb0]
j  java.awt.EventDispatchThread.pumpEventsForHierarchy(ILjava/awt/Conditional;Ljava/awt/Component;)V+11
j  java.awt.EventDispatchThread.pumpEvents(ILjava/awt/Conditional;)V+4
j  java.awt.EventDispatchThread.pumpEvents(Ljava/awt/Conditional;)V+3
j  java.awt.EventDispatchThread.run()V+9
v  ~StubRoutines::call_stub

---------------  P R O C E S S  ---------------

Java Threads: ( => current thread )
  0x15489800 JavaThread "TimerQueue" daemon [_thread_blocked, id=19668, stack(0x16930000,0x16980000)]
  0x0261d000 JavaThread "DestroyJavaVM" [_thread_blocked, id=12296, stack(0x02620000,0x02670000)]
=>0x1539c000 JavaThread "AWT-EventQueue-0" [_thread_in_vm, id=10388, stack(0x158b0000,0x15900000)]
  0x15387000 JavaThread "AWT-Windows" daemon [_thread_in_native, id=15964, stack(0x15710000,0x15760000)]
  0x15386400 JavaThread "AWT-Shutdown" [_thread_blocked, id=1044, stack(0x15680000,0x156d0000)]
  0x15383c00 JavaThread "Java2D Disposer" daemon [_thread_blocked, id=14276, stack(0x155f0000,0x15640000)]
  0x027b8800 JavaThread "Service Thread" daemon [_thread_blocked, id=12100, stack(0x151e0000,0x15230000)]
  0x02791800 JavaThread "C1 CompilerThread0" daemon [_thread_blocked, id=17852, stack(0x15150000,0x151a0000)]
  0x02790800 JavaThread "Attach Listener" daemon [_thread_blocked, id=816, stack(0x150c0000,0x15110000)]
  0x0278e800 JavaThread "Signal Dispatcher" daemon [_thread_blocked, id=13760, stack(0x15030000,0x15080000)]
  0x02785c00 JavaThread "Finalizer" daemon [_thread_blocked, id=3992, stack(0x14eb0000,0x14f00000)]
  0x02727400 JavaThread "Reference Handler" daemon [_thread_blocked, id=19040, stack(0x14e20000,0x14e70000)]

Other Threads:
  0x02724800 VMThread [stack: 0x14d90000,0x14de0000] [id=12388]
  0x027c6c00 WatcherThread [stack: 0x15270000,0x152c0000] [id=15704]

VM state:not at safepoint (normal execution)

VM Mutex/Monitor currently owned by a thread: None

Heap:
 def new generation   total 8640K, used 3865K [0x04800000, 0x05160000, 0x09d50000)
  eden space 7680K,  43% used [0x04800000, 0x04b3ece8, 0x04f80000)
  from space 960K,  56% used [0x04f80000, 0x05007ab8, 0x05070000)
  to   space 960K,   0% used [0x05070000, 0x05070000, 0x05160000)
 tenured generation   total 19080K, used 13362K [0x09d50000, 0x0aff2000, 0x14800000)
   the space 19080K,  70% used [0x09d50000, 0x0aa5cbc8, 0x0aa5cc00, 0x0aff2000)
 Metaspace       used 2101K, capacity 2841K, committed 2880K, reserved 4480K

Card table byte_map: [0x14800000,0x14890000] byte_map_base: 0x147dc000

Polling page: 0x00950000

CodeCache: size=32768Kb used=2323Kb max_used=2614Kb free=30444Kb
 bounds [0x02800000, 0x02a98000, 0x04800000]
 total_blobs=1365 nmethods=1126 adapters=168
 compilation: enabled

Compilation events (10 events):
Event: 448.860 Thread 0x02791800 nmethod 1982 0x02a16c88 code [0x02a16d90, 0x02a16eec]
Event: 448.871 Thread 0x02791800 1983             javax.swing.plaf.synth.SynthContext::getContext (11 bytes)
Event: 448.871 Thread 0x02791800 nmethod 1983 0x02a1b9c8 code [0x02a1baf0, 0x02a1bc00]
Event: 452.464 Thread 0x02791800 1984             sun.util.locale.LocaleUtils::toLowerString (95 bytes)
Event: 452.465 Thread 0x02791800 nmethod 1984 0x02a20308 code [0x02a20450, 0x02a208a4]
Event: 452.549 Thread 0x02791800 1985             java.beans.PropertyChangeEvent::getPropertyName (5 bytes)
Event: 452.549 Thread 0x02791800 nmethod 1985 0x02a192c8 code [0x02a193c0, 0x02a19440]
Event: 452.575 Thread 0x02791800 1986             sun.util.locale.LocaleUtils::caseIgnoreMatch (73 bytes)
Event: 452.576 Thread 0x02791800 nmethod 1986 0x02a1fbc8 code [0x02a1fd00, 0x02a1ffa8]
Event: 454.032 Thread 0x02791800 1987   !         java.awt.EventQueue::removeSourceEvents (294 bytes)

GC Heap History (10 events):
Event: 359.777 GC heap before
{Heap before GC invocations=18 (full 1):
 def new generation   total 8640K, used 8205K [0x04800000, 0x05160000, 0x09d50000)
  eden space 7680K, 100% used [0x04800000, 0x04f80000, 0x04f80000)
  from space 960K,  54% used [0x05070000, 0x050f3600, 0x05160000)
  to   space 960K,   0% used [0x04f80000, 0x04f80000, 0x05070000)
 tenured generation   total 19080K, used 13216K [0x09d50000, 0x0aff2000, 0x14800000)
   the space 19080K,  69% used [0x09d50000, 0x0aa38130, 0x0aa38200, 0x0aff2000)
 Metaspace       used 2070K, capacity 2809K, committed 2880K, reserved 4480K
Event: 359.779 GC heap after
Heap after GC invocations=19 (full 1):
 def new generation   total 8640K, used 410K [0x04800000, 0x05160000, 0x09d50000)
  eden space 7680K,   0% used [0x04800000, 0x04800000, 0x04f80000)
  from space 960K,  42% used [0x04f80000, 0x04fe6b90, 0x05070000)
  to   space 960K,   0% used [0x05070000, 0x05070000, 0x05160000)
 tenured generation   total 19080K, used 13355K [0x09d50000, 0x0aff2000, 0x14800000)
   the space 19080K,  69% used [0x09d50000, 0x0aa5aeb8, 0x0aa5b000, 0x0aff2000)
 Metaspace       used 2070K, capacity 2809K, committed 2880K, reserved 4480K
}
Event: 377.394 GC heap before
{Heap before GC invocations=19 (full 1):
 def new generation   total 8640K, used 8090K [0x04800000, 0x05160000, 0x09d50000)
  eden space 7680K, 100% used [0x04800000, 0x04f80000, 0x04f80000)
  from space 960K,  42% used [0x04f80000, 0x04fe6b90, 0x05070000)
  to   space 960K,   0% used [0x05070000, 0x05070000, 0x05160000)
 tenured generation   total 19080K, used 13355K [0x09d50000, 0x0aff2000, 0x14800000)
   the space 19080K,  69% used [0x09d50000, 0x0aa5aeb8, 0x0aa5b000, 0x0aff2000)
 Metaspace       used 2070K, capacity 2809K, committed 2880K, reserved 4480K
Event: 377.395 GC heap after
Heap after GC invocations=20 (full 1):
 def new generation   total 8640K, used 328K [0x04800000, 0x05160000, 0x09d50000)
  eden space 7680K,   0% used [0x04800000, 0x04800000, 0x04f80000)
  from space 960K,  34% used [0x05070000, 0x050c20b0, 0x05160000)
  to   space 960K,   0% used [0x04f80000, 0x04f80000, 0x05070000)
 tenured generation   total 19080K, used 13355K [0x09d50000, 0x0aff2000, 0x14800000)
   the space 19080K,  69% used [0x09d50000, 0x0aa5aeb8, 0x0aa5b000, 0x0aff2000)
 Metaspace       used 2070K, capacity 2809K, committed 2880K, reserved 4480K
}
Event: 397.020 GC heap before
{Heap before GC invocations=20 (full 1):
 def new generation   total 8640K, used 8008K [0x04800000, 0x05160000, 0x09d50000)
  eden space 7680K, 100% used [0x04800000, 0x04f80000, 0x04f80000)
  from space 960K,  34% used [0x05070000, 0x050c20b0, 0x05160000)
  to   space 960K,   0% used [0x04f80000, 0x04f80000, 0x05070000)
 tenured generation   total 19080K, used 13355K [0x09d50000, 0x0aff2000, 0x14800000)
   the space 19080K,  69% used [0x09d50000, 0x0aa5aeb8, 0x0aa5b000, 0x0aff2000)
 Metaspace       used 2070K, capacity 2809K, committed 2880K, reserved 4480K
Event: 397.021 GC heap after
Heap after GC invocations=21 (full 1):
 def new generation   total 8640K, used 405K [0x04800000, 0x05160000, 0x09d50000)
  eden space 7680K,   0% used [0x04800000, 0x04800000, 0x04f80000)
  from space 960K,  42% used [0x04f80000, 0x04fe57a8, 0x05070000)
  to   space 960K,   0% used [0x05070000, 0x05070000, 0x05160000)
 tenured generation   total 19080K, used 13355K [0x09d50000, 0x0aff2000, 0x14800000)
   the space 19080K,  69% used [0x09d50000, 0x0aa5aeb8, 0x0aa5b000, 0x0aff2000)
 Metaspace       used 2070K, capacity 2809K, committed 2880K, reserved 4480K
}
Event: 425.356 GC heap before
{Heap before GC invocations=21 (full 1):
 def new generation   total 8640K, used 8085K [0x04800000, 0x05160000, 0x09d50000)
  eden space 7680K, 100% used [0x04800000, 0x04f80000, 0x04f80000)
  from space 960K,  42% used [0x04f80000, 0x04fe57a8, 0x05070000)
  to   space 960K,   0% used [0x05070000, 0x05070000, 0x05160000)
 tenured generation   total 19080K, used 13355K [0x09d50000, 0x0aff2000, 0x14800000)
   the space 19080K,  69% used [0x09d50000, 0x0aa5aeb8, 0x0aa5b000, 0x0aff2000)
 Metaspace       used 2080K, capacity 2809K, committed 2880K, reserved 4480K
Event: 425.358 GC heap after
Heap after GC invocations=22 (full 1):
 def new generation   total 8640K, used 481K [0x04800000, 0x05160000, 0x09d50000)
  eden space 7680K,   0% used [0x04800000, 0x04800000, 0x04f80000)
  from space 960K,  50% used [0x05070000, 0x050e8590, 0x05160000)
  to   space 960K,   0% used [0x04f80000, 0x04f80000, 0x05070000)
 tenured generation   total 19080K, used 13355K [0x09d50000, 0x0aff2000, 0x14800000)
   the space 19080K,  69% used [0x09d50000, 0x0aa5aeb8, 0x0aa5b000, 0x0aff2000)
 Metaspace       used 2080K, capacity 2809K, committed 2880K, reserved 4480K
}
Event: 438.701 GC heap before
{Heap before GC invocations=22 (full 1):
 def new generation   total 8640K, used 8161K [0x04800000, 0x05160000, 0x09d50000)
  eden space 7680K, 100% used [0x04800000, 0x04f80000, 0x04f80000)
  from space 960K,  50% used [0x05070000, 0x050e8590, 0x05160000)
  to   space 960K,   0% used [0x04f80000, 0x04f80000, 0x05070000)
 tenured generation   total 19080K, used 13355K [0x09d50000, 0x0aff2000, 0x14800000)
   the space 19080K,  69% used [0x09d50000, 0x0aa5aeb8, 0x0aa5b000, 0x0aff2000)
 Metaspace       used 2101K, capacity 2841K, committed 2880K, reserved 4480K
Event: 438.703 GC heap after
Heap after GC invocations=23 (full 1):
 def new generation   total 8640K, used 542K [0x04800000, 0x05160000, 0x09d50000)
  eden space 7680K,   0% used [0x04800000, 0x04800000, 0x04f80000)
  from space 960K,  56% used [0x04f80000, 0x05007ab8, 0x05070000)
  to   space 960K,   0% used [0x05070000, 0x05070000, 0x05160000)
 tenured generation   total 19080K, used 13362K [0x09d50000, 0x0aff2000, 0x14800000)
   the space 19080K,  70% used [0x09d50000, 0x0aa5cbc8, 0x0aa5cc00, 0x0aff2000)
 Metaspace       used 2101K, capacity 2841K, committed 2880K, reserved 4480K
}

Deoptimization events (0 events):
No events

Classes redefined (0 events):
No events

Internal exceptions (10 events):
Event: 0.304 Thread 0x0261d000 Exception <a 'java/lang/ClassNotFoundException': ToggleButton> (0x04ab3aa0) thrown at [C:\re\workspace\8-2-build-windows-i586-cygwin\jdk8u172\10810\hotspot\src\share\vm\classfile\systemDictionary.cpp, line 210]
Event: 0.304 Thread 0x0261d000 Exception <a 'java/lang/ClassNotFoundException': javax/swing/JToolBarSeparator> (0x04ab3ea8) thrown at [C:\re\workspace\8-2-build-windows-i586-cygwin\jdk8u172\10810\hotspot\src\share\vm\classfile\systemDictionary.cpp, line 210]
Event: 0.304 Thread 0x0261d000 Exception <a 'java/lang/ClassNotFoundException': ToolBarSeparator> (0x04ab4300) thrown at [C:\re\workspace\8-2-build-windows-i586-cygwin\jdk8u172\10810\hotspot\src\share\vm\classfile\systemDictionary.cpp, line 210]
Event: 0.304 Thread 0x0261d000 Exception <a 'java/lang/ClassNotFoundException': ToolTip> (0x04ab4a38) thrown at [C:\re\workspace\8-2-build-windows-i586-cygwin\jdk8u172\10810\hotspot\src\share\vm\classfile\systemDictionary.cpp, line 210]
Event: 0.305 Thread 0x0261d000 Exception <a 'java/lang/ClassNotFoundException': Tree> (0x04ab5520) thrown at [C:\re\workspace\8-2-build-windows-i586-cygwin\jdk8u172\10810\hotspot\src\share\vm\classfile\systemDictionary.cpp, line 210]
Event: 0.305 Thread 0x0261d000 Exception <a 'java/lang/ClassNotFoundException': Tree> (0x04ab5bc0) thrown at [C:\re\workspace\8-2-build-windows-i586-cygwin\jdk8u172\10810\hotspot\src\share\vm\classfile\systemDictionary.cpp, line 210]
Event: 0.305 Thread 0x0261d000 Exception <a 'java/lang/ClassNotFoundException': javax/swing/JTreeCell> (0x04ab5ef8) thrown at [C:\re\workspace\8-2-build-windows-i586-cygwin\jdk8u172\10810\hotspot\src\share\vm\classfile\systemDictionary.cpp, line 210]
Event: 0.305 Thread 0x0261d000 Exception <a 'java/lang/ClassNotFoundException': TreeCell> (0x04ab6340) thrown at [C:\re\workspace\8-2-build-windows-i586-cygwin\jdk8u172\10810\hotspot\src\share\vm\classfile\systemDictionary.cpp, line 210]
Event: 0.305 Thread 0x0261d000 Exception <a 'java/lang/ClassNotFoundException': RootPane> (0x04ab6cb8) thrown at [C:\re\workspace\8-2-build-windows-i586-cygwin\jdk8u172\10810\hotspot\src\share\vm\classfile\systemDictionary.cpp, line 210]
Event: 356.894 Thread 0x1539c000 Implicit null exception at 0x02a8ea7f to 0x02a902fc

Events (10 events):
Event: 452.552 Executing VM operation: RevokeBias
Event: 452.552 Executing VM operation: RevokeBias done
Event: 452.557 Executing VM operation: RevokeBias
Event: 452.557 Executing VM operation: RevokeBias done
Event: 452.558 Executing VM operation: BulkRevokeBias
Event: 452.558 Executing VM operation: BulkRevokeBias done
Event: 452.577 Thread 0x02791800 flushing nmethod 0x02a232c8
Event: 452.577 Thread 0x02791800 flushing nmethod 0x02a23488
Event: 452.577 Thread 0x02791800 flushing nmethod 0x02a23ec8
Event: 452.577 Thread 0x02791800 flushing nmethod 0x02a24548


Dynamic libraries:
0x00960000 - 0x00993000 	C:\Program Files (x86)\Java\jdk1.8.0_172\bin\java.exe
0x776b0000 - 0x77840000 	C:\WINDOWS\SYSTEM32\ntdll.dll
0x74050000 - 0x74130000 	C:\WINDOWS\System32\KERNEL32.DLL
0x74a00000 - 0x74be4000 	C:\WINDOWS\System32\KERNELBASE.dll
0x68f40000 - 0x68fdd000 	C:\WINDOWS\SYSTEM32\apphelp.dll
0x74bf0000 - 0x74c68000 	C:\WINDOWS\System32\ADVAPI32.dll
0x750a0000 - 0x7515f000 	C:\WINDOWS\System32\msvcrt.dll
0x766d0000 - 0x76714000 	C:\WINDOWS\System32\sechost.dll
0x74940000 - 0x74a00000 	C:\WINDOWS\System32\RPCRT4.dll
0x73f70000 - 0x73f90000 	C:\WINDOWS\System32\SspiCli.dll
0x73f60000 - 0x73f6a000 	C:\WINDOWS\System32\CRYPTBASE.dll
0x742d0000 - 0x74328000 	C:\WINDOWS\System32\bcryptPrimitives.dll
0x77220000 - 0x773ad000 	C:\WINDOWS\System32\USER32.dll
0x73fa0000 - 0x73fb7000 	C:\WINDOWS\System32\win32u.dll
0x77490000 - 0x774b2000 	C:\WINDOWS\System32\GDI32.dll
0x747d0000 - 0x74934000 	C:\WINDOWS\System32\gdi32full.dll
0x76740000 - 0x767bd000 	C:\WINDOWS\System32\msvcp_win.dll
0x77100000 - 0x7721e000 	C:\WINDOWS\System32\ucrtbase.dll
0x6ee50000 - 0x6f054000 	C:\WINDOWS\WinSxS\x86_microsoft.windows.common-controls_6595b64144ccf1df_6.0.17134.345_none_42efd13044e18c5e\COMCTL32.dll
0x743a0000 - 0x745fc000 	C:\WINDOWS\System32\combase.dll
0x764b0000 - 0x764d6000 	C:\WINDOWS\System32\IMM32.DLL
0x65230000 - 0x652ef000 	C:\Program Files (x86)\Java\jdk1.8.0_172\jre\bin\msvcr100.dll
0x55ba0000 - 0x55f73000 	C:\Program Files (x86)\Java\jdk1.8.0_172\jre\bin\client\jvm.dll
0x73f90000 - 0x73f96000 	C:\WINDOWS\System32\PSAPI.DLL
0x70210000 - 0x70218000 	C:\WINDOWS\SYSTEM32\WSOCK32.dll
0x6d490000 - 0x6d4b4000 	C:\WINDOWS\SYSTEM32\WINMM.dll
0x73e70000 - 0x73e78000 	C:\WINDOWS\SYSTEM32\VERSION.dll
0x774c0000 - 0x77527000 	C:\WINDOWS\System32\WS2_32.dll
0x6d350000 - 0x6d373000 	C:\WINDOWS\SYSTEM32\winmmbase.dll
0x77450000 - 0x77489000 	C:\WINDOWS\System32\cfgmgr32.dll
0x69080000 - 0x6908c000 	C:\Program Files (x86)\Java\jdk1.8.0_172\jre\bin\verify.dll
0x657a0000 - 0x657c2000 	C:\Program Files (x86)\Java\jdk1.8.0_172\jre\bin\java.dll
0x65110000 - 0x65124000 	C:\Program Files (x86)\Java\jdk1.8.0_172\jre\bin\zip.dll
0x75160000 - 0x764aa000 	C:\WINDOWS\System32\SHELL32.dll
0x76aa0000 - 0x76b28000 	C:\WINDOWS\System32\shcore.dll
0x76b30000 - 0x770e9000 	C:\WINDOWS\System32\windows.storage.dll
0x74280000 - 0x742c5000 	C:\WINDOWS\System32\shlwapi.dll
0x767c0000 - 0x767cf000 	C:\WINDOWS\System32\kernel.appcore.dll
0x76720000 - 0x76738000 	C:\WINDOWS\System32\profapi.dll
0x76a40000 - 0x76a85000 	C:\WINDOWS\System32\powrprof.dll
0x747c0000 - 0x747c8000 	C:\WINDOWS\System32\FLTLIB.DLL
0x69320000 - 0x69467000 	C:\Program Files (x86)\Java\jdk1.8.0_172\jre\bin\awt.dll
0x773b0000 - 0x77446000 	C:\WINDOWS\System32\OLEAUT32.dll
0x70870000 - 0x708ec000 	C:\WINDOWS\system32\uxtheme.dll
0x74130000 - 0x74274000 	C:\WINDOWS\System32\MSCTF.dll
0x710a0000 - 0x710c3000 	C:\WINDOWS\system32\dwmapi.dll
0x76940000 - 0x76a3c000 	C:\WINDOWS\System32\ole32.dll
0x692a0000 - 0x692d9000 	C:\Program Files (x86)\Java\jdk1.8.0_172\jre\bin\fontmanager.dll
0x69150000 - 0x69229000 	C:\WINDOWS\system32\opengl32.dll
0x692e0000 - 0x6931f000 	C:\WINDOWS\SYSTEM32\GLU32.dll
0x63730000 - 0x63745000 	C:\Program Files (x86)\Java\jdk1.8.0_172\jre\bin\net.dll
0x71250000 - 0x712a6000 	C:\WINDOWS\system32\mswsock.dll
0x69070000 - 0x6907f000 	C:\Program Files (x86)\Java\jdk1.8.0_172\jre\bin\nio.dll
0x69110000 - 0x69142000 	C:\Program Files (x86)\Java\jdk1.8.0_172\jre\bin\t2k.dll
0x61380000 - 0x61409000 	C:\Users\Vincent Limo\AppData\Local\Temp\sqlite-3.7.2-sqlitejdbc.dll
0x73fc0000 - 0x74043000 	C:\WINDOWS\System32\clbcatq.dll
0x6a280000 - 0x6a3f1000 	C:\WINDOWS\SYSTEM32\WindowsCodecs.dll
0x68330000 - 0x6837f000 	C:\WINDOWS\system32\dataexchange.dll
0x680d0000 - 0x68322000 	C:\WINDOWS\system32\d3d11.dll
0x67f90000 - 0x680cc000 	C:\WINDOWS\system32\dcomp.dll
0x67ef0000 - 0x67f88000 	C:\WINDOWS\system32\dxgi.dll
0x69750000 - 0x698b5000 	C:\WINDOWS\system32\twinapi.appcore.dll
0x69730000 - 0x6974a000 	C:\WINDOWS\system32\RMCLIENT.dll
0x58520000 - 0x5859d000 	C:\WINDOWS\System32\TextInputFramework.dll
0x50780000 - 0x509dd000 	C:\WINDOWS\System32\CoreUIComponents.dll
0x575c0000 - 0x5764b000 	C:\WINDOWS\System32\CoreMessaging.dll
0x71350000 - 0x71379000 	C:\WINDOWS\SYSTEM32\ntmarta.dll
0x6cb90000 - 0x6cc66000 	C:\WINDOWS\SYSTEM32\wintypes.dll
0x690b0000 - 0x690d4000 	C:\Program Files (x86)\Java\jdk1.8.0_172\jre\bin\dcpr.dll
0x72110000 - 0x72292000 	C:\WINDOWS\SYSTEM32\dbghelp.dll

VM Arguments:
jvm_args: -Dfile.encoding=UTF-8 
java_command: donor
java_class_path (initial): C:\Users\Vincent Limo\OneDrive - Centria ammattikorkeakoulu Oy\Y 3\Java\Blood2\sqlite-jdbc-3.7.2.jar;C:\JTatoo_Java\JTattoo-1.6.11.jar;C:\Users\Vincent Limo\OneDrive - Centria ammattikorkeakoulu Oy\Y 3\Java\Blood2\rs2xml.jar;C:\Users\Vincent Limo\OneDrive - Centria ammattikorkeakoulu Oy\Y 3\Java\Blood2\build\classes
Launcher Type: SUN_STANDARD

Environment Variables:
PATH=C:\Program Files (x86)\Common Files\Oracle\Java\javapath;C:\Program Files (x86)\Intel\iCLS Client\;C:\Program Files\Intel\iCLS Client\;C:\Windows\system32;C:\Windows;C:\Windows\System32\Wbem;C:\Windows\System32\WindowsPowerShell\v1.0\;C:\Program Files (x86)\Intel\Intel(R) Management Engine Components\DAL;C:\Program Files\Intel\Intel(R) Management Engine Components\DAL;C:\Program Files (x86)\Intel\Intel(R) Management Engine Components\IPT;C:\Program Files\Intel\Intel(R) Management Engine Components\IPT;C:\Program Files (x86)\NVIDIA Corporation\PhysX\Common;C:\Program Files\dotnet\;C:\Program Files\Microsoft SQL Server\130\Tools\Binn\;C:\Program Files\PuTTY\;C:\Program Files (x86)\GtkSharp\2.12\bin;C:\WINDOWS\system32;C:\WINDOWS;C:\WINDOWS\System32\Wbem;C:\WINDOWS\System32\WindowsPowerShell\v1.0\;C:\WINDOWS\System32\OpenSSH\;C:\Program Files\MySQL\MySQL Utilities 1.6\;C:\Program Files\Java\jre1.8.0_171\bin;C:\Program Files\Java\jdk1.8.0_171\bin; .;%USERPROFILE%\AppData\Local\Microsoft\WindowsApps;
USERNAME=Vincent Limo
OS=Windows_NT
PROCESSOR_IDENTIFIER=Intel64 Family 6 Model 158 Stepping 9, GenuineIntel



---------------  S Y S T E M  ---------------

OS: Windows 10.0 , 64 bit Build 17134 (10.0.17134.1)

CPU:total 4 (initial active 4) (4 cores per cpu, 1 threads per core) family 6 model 158 stepping 9, cmov, cx8, fxsr, mmx, sse, sse2, sse3, ssse3, sse4.1, sse4.2, popcnt, avx, avx2, aes, clmul, erms, 3dnowpref, lzcnt, tsc, tscinvbit, bmi1, bmi2, adx

Memory: 4k page, physical 8269412k(1492804k free), swap 14371292k(2043604k free)

vm_info: Java HotSpot(TM) Client VM (25.172-b11) for windows-x86 JRE (1.8.0_172-b11), built on Mar 28 2018 20:19:55 by "java_re" with MS VC++ 10.0 (VS2010)

time: Wed Oct 31 17:48:22 2018
elapsed time: 454 seconds (0d 0h 7m 34s)

