#
# A fatal error has been detected by the Java Runtime Environment:
#
#  EXCEPTION_ACCESS_VIOLATION (0xc0000005) at pc=0x55c7ba6e, pid=20476, tid=0x000023bc
#
# JRE version: Java(TM) SE Runtime Environment (8.0_172-b11) (build 1.8.0_172-b11)
# Java VM: Java HotSpot(TM) Client VM (25.172-b11 mixed mode, sharing windows-x86 )
# Problematic frame:
# V  [jvm.dll+0xdba6e]
#
# Failed to write core dump. Minidumps are not enabled by default on client versions of Windows
#
# If you would like to submit a bug report, please visit:
#   http://bugreport.java.com/bugreport/crash.jsp
#

---------------  T H R E A D  ---------------

Current thread (0x15cd9000):  JavaThread "AWT-EventQueue-0" [_thread_in_vm, id=9148, stack(0x169b0000,0x16a00000)]

siginfo: ExceptionCode=0xc0000005, reading address 0x00000000

Registers:
EAX=0x00000000, EBX=0x00000000, ECX=0x00000000, EDX=0x00000000
ESP=0x169fe368, EBP=0x169fe398, ESI=0x01814d50, EDI=0x15cd9000
EIP=0x55c7ba6e, EFLAGS=0x00010246

Top of Stack: (sp=0x169fe368)
0x169fe368:   15cd9140 01814d50 154e1048 fffffffe
0x169fe378:   169fe398 613813c4 01814d50 00000000
0x169fe388:   15cd9000 00000000 0558b2b8 154e1048
0x169fe398:   169fe3c8 61381f65 15cd9000 00000000
0x169fe3a8:   00000000 50200030 0558b2b8 169fe3c8
0x169fe3b8:   169fe3e8 154e1048 154e1040 15cd9000
0x169fe3c8:   169fe408 0316e22f 15cd9140 169fe41c
0x169fe3d8:   00000000 169fe3e0 00000000 05270b18 

Instructions: (pc=0x55c7ba6e)
0x55c7ba4e:   e8 7d b8 f2 ff 33 db 83 c4 08 89 7d f0 89 5d f4
0x55c7ba5e:   39 5f 04 74 08 8d 4d f0 e8 75 ed 0c 00 8b 45 0c
0x55c7ba6e:   8b 30 8b 0d a0 d6 f1 55 39 1c 31 74 45 56 e8 5f
0x55c7ba7e:   9a f6 ff 83 c4 04 6a 00 6a 00 8d 4d dc 8d 78 01 


Register to memory mapping:

EAX=0x00000000 is an unknown value
EBX=0x00000000 is an unknown value
ECX=0x00000000 is an unknown value
EDX=0x00000000 is an unknown value
ESP=0x169fe368 is pointing into the stack for thread: 0x15cd9000
EBP=0x169fe398 is pointing into the stack for thread: 0x15cd9000
ESI=0x01814d50 is an unknown value
EDI=0x15cd9000 is a thread


Stack: [0x169b0000,0x16a00000],  sp=0x169fe368,  free space=312k
Native frames: (J=compiled Java code, j=interpreted, Vv=VM code, C=native code)
V  [jvm.dll+0xdba6e]
C  [sqlite-3.7.2-sqlitejdbc.dll+0x1f65]
j  org.sqlite.NativeDB.prepare(Ljava/lang/String;)J+0
j  org.sqlite.DB.prepare(Lorg/sqlite/Stmt;)V+21
j  org.sqlite.PrepStmt.<init>(Lorg/sqlite/Conn;Ljava/lang/String;)V+15
j  org.sqlite.Conn.prepareStatement(Ljava/lang/String;III)Ljava/sql/PreparedStatement;+14
j  org.sqlite.Conn.prepareStatement(Ljava/lang/String;II)Ljava/sql/PreparedStatement;+5
j  org.sqlite.Conn.prepareStatement(Ljava/lang/String;)Ljava/sql/PreparedStatement;+8
j  COMPATABLITY.Search2(Ljava/lang/String;)V+6
j  COMPATABLITY.COMPATIBLE()V+476
j  COMPATABLITY.jButton2ActionPerformed(Ljava/awt/event/ActionEvent;)V+1
j  COMPATABLITY.access$100(LCOMPATABLITY;Ljava/awt/event/ActionEvent;)V+2
j  COMPATABLITY$2.actionPerformed(Ljava/awt/event/ActionEvent;)V+5
j  javax.swing.AbstractButton.fireActionPerformed(Ljava/awt/event/ActionEvent;)V+83
j  javax.swing.AbstractButton$Handler.actionPerformed(Ljava/awt/event/ActionEvent;)V+5
j  javax.swing.DefaultButtonModel.fireActionPerformed(Ljava/awt/event/ActionEvent;)V+34
j  javax.swing.DefaultButtonModel.setPressed(Z)V+117
j  javax.swing.plaf.basic.BasicButtonListener.mouseReleased(Ljava/awt/event/MouseEvent;)V+35
j  java.awt.Component.processMouseEvent(Ljava/awt/event/MouseEvent;)V+64
j  javax.swing.JComponent.processMouseEvent(Ljava/awt/event/MouseEvent;)V+23
j  java.awt.Component.processEvent(Ljava/awt/AWTEvent;)V+81
j  java.awt.Container.processEvent(Ljava/awt/AWTEvent;)V+18
j  java.awt.Component.dispatchEventImpl(Ljava/awt/AWTEvent;)V+589
j  java.awt.Container.dispatchEventImpl(Ljava/awt/AWTEvent;)V+42
J 341 C1 java.awt.LightweightDispatcher.retargetMouseEvent(Ljava/awt/Component;ILjava/awt/event/MouseEvent;)V (372 bytes) @ 0x0320dae8 [0x0320d410+0x6d8]
j  java.awt.LightweightDispatcher.processMouseEvent(Ljava/awt/event/MouseEvent;)Z+155
j  java.awt.LightweightDispatcher.dispatchEvent(Ljava/awt/AWTEvent;)Z+50
j  java.awt.Container.dispatchEventImpl(Ljava/awt/AWTEvent;)V+12
j  java.awt.Window.dispatchEventImpl(Ljava/awt/AWTEvent;)V+19
j  java.awt.Component.dispatchEvent(Ljava/awt/AWTEvent;)V+2
j  java.awt.EventQueue.dispatchEventImpl(Ljava/awt/AWTEvent;Ljava/lang/Object;)V+41
j  java.awt.EventQueue.access$500(Ljava/awt/EventQueue;Ljava/awt/AWTEvent;Ljava/lang/Object;)V+3
j  java.awt.EventQueue$3.run()Ljava/lang/Void;+32
j  java.awt.EventQueue$3.run()Ljava/lang/Object;+1
v  ~StubRoutines::call_stub
V  [jvm.dll+0x15c085]
V  [jvm.dll+0x2239de]
V  [jvm.dll+0x15c11e]
V  [jvm.dll+0x10c2af]
C  [java.dll+0x102f]
j  java.security.ProtectionDomain$JavaSecurityAccessImpl.doIntersectionPrivilege(Ljava/security/PrivilegedAction;Ljava/security/AccessControlContext;Ljava/security/AccessControlContext;)Ljava/lang/Object;+18
j  java.security.ProtectionDomain$JavaSecurityAccessImpl.doIntersectionPrivilege(Ljava/security/PrivilegedAction;Ljava/security/AccessControlContext;)Ljava/lang/Object;+6
j  java.awt.EventQueue$4.run()Ljava/lang/Void;+11
j  java.awt.EventQueue$4.run()Ljava/lang/Object;+1
v  ~StubRoutines::call_stub
V  [jvm.dll+0x15c085]
V  [jvm.dll+0x2239de]
V  [jvm.dll+0x15c11e]
V  [jvm.dll+0x10c2af]
C  [java.dll+0x102f]
j  java.security.ProtectionDomain$JavaSecurityAccessImpl.doIntersectionPrivilege(Ljava/security/PrivilegedAction;Ljava/security/AccessControlContext;Ljava/security/AccessControlContext;)Ljava/lang/Object;+18
j  java.awt.EventQueue.dispatchEvent(Ljava/awt/AWTEvent;)V+73
j  java.awt.EventDispatchThread.pumpOneEventForFilters(I)V+140
j  java.awt.EventDispatchThread.pumpEventsForFilter(ILjava/awt/Conditional;Ljava/awt/EventFilter;)V+35
j  java.awt.EventDispatchThread.pumpEventsForHierarchy(ILjava/awt/Conditional;Ljava/awt/Component;)V+11
j  java.awt.EventDispatchThread.pumpEvents(ILjava/awt/Conditional;)V+4
j  java.awt.EventDispatchThread.pumpEvents(Ljava/awt/Conditional;)V+3
j  java.awt.EventDispatchThread.run()V+9
v  ~StubRoutines::call_stub
V  [jvm.dll+0x15c085]
V  [jvm.dll+0x2239de]
V  [jvm.dll+0x15c11e]
V  [jvm.dll+0x15c2a6]
V  [jvm.dll+0x15c317]
V  [jvm.dll+0x10024f]
V  [jvm.dll+0x17f2a0]
V  [jvm.dll+0x17fb1a]
V  [jvm.dll+0x1c5416]
C  [msvcr100.dll+0x5c556]
C  [msvcr100.dll+0x5c600]
C  [KERNEL32.DLL+0x18484]
C  [ntdll.dll+0x6305a]
C  [ntdll.dll+0x6302a]
C  0x00000000

Java frames: (J=compiled Java code, j=interpreted, Vv=VM code)
j  org.sqlite.NativeDB.prepare(Ljava/lang/String;)J+0
j  org.sqlite.DB.prepare(Lorg/sqlite/Stmt;)V+21
j  org.sqlite.PrepStmt.<init>(Lorg/sqlite/Conn;Ljava/lang/String;)V+15
j  org.sqlite.Conn.prepareStatement(Ljava/lang/String;III)Ljava/sql/PreparedStatement;+14
j  org.sqlite.Conn.prepareStatement(Ljava/lang/String;II)Ljava/sql/PreparedStatement;+5
j  org.sqlite.Conn.prepareStatement(Ljava/lang/String;)Ljava/sql/PreparedStatement;+8
j  COMPATABLITY.Search2(Ljava/lang/String;)V+6
j  COMPATABLITY.COMPATIBLE()V+476
j  COMPATABLITY.jButton2ActionPerformed(Ljava/awt/event/ActionEvent;)V+1
j  COMPATABLITY.access$100(LCOMPATABLITY;Ljava/awt/event/ActionEvent;)V+2
j  COMPATABLITY$2.actionPerformed(Ljava/awt/event/ActionEvent;)V+5
j  javax.swing.AbstractButton.fireActionPerformed(Ljava/awt/event/ActionEvent;)V+83
j  javax.swing.AbstractButton$Handler.actionPerformed(Ljava/awt/event/ActionEvent;)V+5
j  javax.swing.DefaultButtonModel.fireActionPerformed(Ljava/awt/event/ActionEvent;)V+34
j  javax.swing.DefaultButtonModel.setPressed(Z)V+117
j  javax.swing.plaf.basic.BasicButtonListener.mouseReleased(Ljava/awt/event/MouseEvent;)V+35
j  java.awt.Component.processMouseEvent(Ljava/awt/event/MouseEvent;)V+64
j  javax.swing.JComponent.processMouseEvent(Ljava/awt/event/MouseEvent;)V+23
j  java.awt.Component.processEvent(Ljava/awt/AWTEvent;)V+81
j  java.awt.Container.processEvent(Ljava/awt/AWTEvent;)V+18
j  java.awt.Component.dispatchEventImpl(Ljava/awt/AWTEvent;)V+589
j  java.awt.Container.dispatchEventImpl(Ljava/awt/AWTEvent;)V+42
J 341 C1 java.awt.LightweightDispatcher.retargetMouseEvent(Ljava/awt/Component;ILjava/awt/event/MouseEvent;)V (372 bytes) @ 0x0320dae8 [0x0320d410+0x6d8]
j  java.awt.LightweightDispatcher.processMouseEvent(Ljava/awt/event/MouseEvent;)Z+155
j  java.awt.LightweightDispatcher.dispatchEvent(Ljava/awt/AWTEvent;)Z+50
j  java.awt.Container.dispatchEventImpl(Ljava/awt/AWTEvent;)V+12
j  java.awt.Window.dispatchEventImpl(Ljava/awt/AWTEvent;)V+19
j  java.awt.Component.dispatchEvent(Ljava/awt/AWTEvent;)V+2
j  java.awt.EventQueue.dispatchEventImpl(Ljava/awt/AWTEvent;Ljava/lang/Object;)V+41
j  java.awt.EventQueue.access$500(Ljava/awt/EventQueue;Ljava/awt/AWTEvent;Ljava/lang/Object;)V+3
j  java.awt.EventQueue$3.run()Ljava/lang/Void;+32
j  java.awt.EventQueue$3.run()Ljava/lang/Object;+1
v  ~StubRoutines::call_stub
j  java.security.AccessController.doPrivileged(Ljava/security/PrivilegedAction;Ljava/security/AccessControlContext;)Ljava/lang/Object;+0
j  java.security.ProtectionDomain$JavaSecurityAccessImpl.doIntersectionPrivilege(Ljava/security/PrivilegedAction;Ljava/security/AccessControlContext;Ljava/security/AccessControlContext;)Ljava/lang/Object;+18
j  java.security.ProtectionDomain$JavaSecurityAccessImpl.doIntersectionPrivilege(Ljava/security/PrivilegedAction;Ljava/security/AccessControlContext;)Ljava/lang/Object;+6
j  java.awt.EventQueue$4.run()Ljava/lang/Void;+11
j  java.awt.EventQueue$4.run()Ljava/lang/Object;+1
v  ~StubRoutines::call_stub
j  java.security.AccessController.doPrivileged(Ljava/security/PrivilegedAction;Ljava/security/AccessControlContext;)Ljava/lang/Object;+0
j  java.security.ProtectionDomain$JavaSecurityAccessImpl.doIntersectionPrivilege(Ljava/security/PrivilegedAction;Ljava/security/AccessControlContext;Ljava/security/AccessControlContext;)Ljava/lang/Object;+18
j  java.awt.EventQueue.dispatchEvent(Ljava/awt/AWTEvent;)V+73
j  java.awt.EventDispatchThread.pumpOneEventForFilters(I)V+140
j  java.awt.EventDispatchThread.pumpEventsForFilter(ILjava/awt/Conditional;Ljava/awt/EventFilter;)V+35
j  java.awt.EventDispatchThread.pumpEventsForHierarchy(ILjava/awt/Conditional;Ljava/awt/Component;)V+11
j  java.awt.EventDispatchThread.pumpEvents(ILjava/awt/Conditional;)V+4
j  java.awt.EventDispatchThread.pumpEvents(Ljava/awt/Conditional;)V+3
j  java.awt.EventDispatchThread.run()V+9
v  ~StubRoutines::call_stub

---------------  P R O C E S S  ---------------

Java Threads: ( => current thread )
  0x17e20400 JavaThread "TimerQueue" daemon [_thread_blocked, id=5004, stack(0x181b0000,0x18200000)]
  0x02f7d000 JavaThread "DestroyJavaVM" [_thread_blocked, id=21052, stack(0x02f00000,0x02f50000)]
=>0x15cd9000 JavaThread "AWT-EventQueue-0" [_thread_in_vm, id=9148, stack(0x169b0000,0x16a00000)]
  0x15cbe000 JavaThread "AWT-Windows" daemon [_thread_in_native, id=18248, stack(0x16040000,0x16090000)]
  0x15cbd000 JavaThread "AWT-Shutdown" [_thread_blocked, id=11756, stack(0x15fb0000,0x16000000)]
  0x15cbc800 JavaThread "Java2D Disposer" daemon [_thread_blocked, id=9388, stack(0x15f20000,0x15f70000)]
  0x0310e800 JavaThread "Service Thread" daemon [_thread_blocked, id=21528, stack(0x15b10000,0x15b60000)]
  0x030f1800 JavaThread "C1 CompilerThread0" daemon [_thread_blocked, id=9328, stack(0x15a80000,0x15ad0000)]
  0x030f0800 JavaThread "Attach Listener" daemon [_thread_blocked, id=22764, stack(0x159f0000,0x15a40000)]
  0x030ee800 JavaThread "Signal Dispatcher" daemon [_thread_blocked, id=7464, stack(0x15960000,0x159b0000)]
  0x030e5800 JavaThread "Finalizer" daemon [_thread_blocked, id=16476, stack(0x157e0000,0x15830000)]
  0x03087400 JavaThread "Reference Handler" daemon [_thread_blocked, id=11128, stack(0x15750000,0x157a0000)]

Other Threads:
  0x03084800 VMThread [stack: 0x156c0000,0x15710000] [id=18564]
  0x0312f000 WatcherThread [stack: 0x15ba0000,0x15bf0000] [id=17692]

VM state:not at safepoint (normal execution)

VM Mutex/Monitor currently owned by a thread: None

Heap:
 def new generation   total 4928K, used 4192K [0x05200000, 0x05750000, 0x0a750000)
  eden space 4416K,  83% used [0x05200000, 0x05598028, 0x05650000)
  from space 512K, 100% used [0x056d0000, 0x05750000, 0x05750000)
  to   space 512K,   0% used [0x05650000, 0x05650000, 0x056d0000)
 tenured generation   total 10944K, used 7128K [0x0a750000, 0x0b200000, 0x15200000)
   the space 10944K,  65% used [0x0a750000, 0x0ae462f8, 0x0ae46400, 0x0b200000)
 Metaspace       used 1526K, capacity 2693K, committed 2752K, reserved 4480K

Card table byte_map: [0x05160000,0x051f0000] byte_map_base: 0x05137000

Polling page: 0x011f0000

CodeCache: size=32768Kb used=1120Kb max_used=1120Kb free=31647Kb
 bounds [0x03160000, 0x03280000, 0x05160000]
 total_blobs=584 nmethods=354 adapters=161
 compilation: enabled

Compilation events (10 events):
Event: 7.859 Thread 0x030f1800  351  s          java.awt.KeyboardFocusManager::getCurrentKeyboardFocusManager (32 bytes)
Event: 7.860 Thread 0x030f1800 nmethod 351 0x03276f88 code [0x032770b0, 0x03277344]
Event: 7.860 Thread 0x030f1800  352             java.awt.KeyboardFocusManager::getCurrentKeyboardFocusManager (7 bytes)
Event: 7.861 Thread 0x030f1800 nmethod 352 0x03277488 code [0x032775c0, 0x032778a0]
Event: 7.867 Thread 0x030f1800  353             sun.java2d.SurfaceData::getDefaultScale (2 bytes)
Event: 7.867 Thread 0x030f1800 nmethod 353 0x03277b08 code [0x03277c00, 0x03277c80]
Event: 7.955 Thread 0x030f1800  354             javax.swing.text.GapVector::getGapEnd (5 bytes)
Event: 7.955 Thread 0x030f1800 nmethod 354 0x03277cc8 code [0x03277dc0, 0x03277e40]
Event: 7.955 Thread 0x030f1800  355             javax.swing.text.GapVector::getGapStart (5 bytes)
Event: 7.955 Thread 0x030f1800 nmethod 355 0x03277e88 code [0x03277f80, 0x03278000]

GC Heap History (2 events):
Event: 0.230 GC heap before
{Heap before GC invocations=0 (full 0):
 def new generation   total 4928K, used 4416K [0x05200000, 0x05750000, 0x0a750000)
  eden space 4416K, 100% used [0x05200000, 0x05650000, 0x05650000)
  from space 512K,   0% used [0x05650000, 0x05650000, 0x056d0000)
  to   space 512K,   0% used [0x056d0000, 0x056d0000, 0x05750000)
 tenured generation   total 10944K, used 0K [0x0a750000, 0x0b200000, 0x15200000)
   the space 10944K,   0% used [0x0a750000, 0x0a750000, 0x0a750200, 0x0b200000)
 Metaspace       used 1100K, capacity 2560K, committed 2624K, reserved 4480K
Event: 0.235 GC heap after
Heap after GC invocations=1 (full 0):
 def new generation   total 4928K, used 512K [0x05200000, 0x05750000, 0x0a750000)
  eden space 4416K,   0% used [0x05200000, 0x05200000, 0x05650000)
  from space 512K, 100% used [0x056d0000, 0x05750000, 0x05750000)
  to   space 512K,   0% used [0x05650000, 0x05650000, 0x056d0000)
 tenured generation   total 10944K, used 1086K [0x0a750000, 0x0b200000, 0x15200000)
   the space 10944K,   9% used [0x0a750000, 0x0a85f900, 0x0a85fa00, 0x0b200000)
 Metaspace       used 1100K, capacity 2560K, committed 2624K, reserved 4480K
}

Deoptimization events (0 events):
No events

Classes redefined (0 events):
No events

Internal exceptions (10 events):
Event: 0.155 Thread 0x02f7d000 Exception <a 'java/lang/ClassNotFoundException': ToolBar> (0x054b6a80) thrown at [C:\re\workspace\8-2-build-windows-i586-cygwin\jdk8u172\10810\hotspot\src\share\vm\classfile\systemDictionary.cpp, line 210]
Event: 0.155 Thread 0x02f7d000 Exception <a 'java/lang/ClassNotFoundException': ToggleButton> (0x054b6fc8) thrown at [C:\re\workspace\8-2-build-windows-i586-cygwin\jdk8u172\10810\hotspot\src\share\vm\classfile\systemDictionary.cpp, line 210]
Event: 0.155 Thread 0x02f7d000 Exception <a 'java/lang/ClassNotFoundException': javax/swing/JToolBarSeparator> (0x054b73d0) thrown at [C:\re\workspace\8-2-build-windows-i586-cygwin\jdk8u172\10810\hotspot\src\share\vm\classfile\systemDictionary.cpp, line 210]
Event: 0.155 Thread 0x02f7d000 Exception <a 'java/lang/ClassNotFoundException': ToolBarSeparator> (0x054b7828) thrown at [C:\re\workspace\8-2-build-windows-i586-cygwin\jdk8u172\10810\hotspot\src\share\vm\classfile\systemDictionary.cpp, line 210]
Event: 0.155 Thread 0x02f7d000 Exception <a 'java/lang/ClassNotFoundException': ToolTip> (0x054b7ed0) thrown at [C:\re\workspace\8-2-build-windows-i586-cygwin\jdk8u172\10810\hotspot\src\share\vm\classfile\systemDictionary.cpp, line 210]
Event: 0.156 Thread 0x02f7d000 Exception <a 'java/lang/ClassNotFoundException': Tree> (0x054b89f0) thrown at [C:\re\workspace\8-2-build-windows-i586-cygwin\jdk8u172\10810\hotspot\src\share\vm\classfile\systemDictionary.cpp, line 210]
Event: 0.156 Thread 0x02f7d000 Exception <a 'java/lang/ClassNotFoundException': Tree> (0x054b9090) thrown at [C:\re\workspace\8-2-build-windows-i586-cygwin\jdk8u172\10810\hotspot\src\share\vm\classfile\systemDictionary.cpp, line 210]
Event: 0.156 Thread 0x02f7d000 Exception <a 'java/lang/ClassNotFoundException': javax/swing/JTreeCell> (0x054b93c8) thrown at [C:\re\workspace\8-2-build-windows-i586-cygwin\jdk8u172\10810\hotspot\src\share\vm\classfile\systemDictionary.cpp, line 210]
Event: 0.156 Thread 0x02f7d000 Exception <a 'java/lang/ClassNotFoundException': TreeCell> (0x054b9810) thrown at [C:\re\workspace\8-2-build-windows-i586-cygwin\jdk8u172\10810\hotspot\src\share\vm\classfile\systemDictionary.cpp, line 210]
Event: 0.156 Thread 0x02f7d000 Exception <a 'java/lang/ClassNotFoundException': RootPane> (0x054ba188) thrown at [C:\re\workspace\8-2-build-windows-i586-cygwin\jdk8u172\10810\hotspot\src\share\vm\classfile\systemDictionary.cpp, line 210]

Events (10 events):
Event: 3.527 loading class javax/swing/text/DefaultCaret$1 done
Event: 4.089 Executing VM operation: EnableBiasedLocking
Event: 4.089 Executing VM operation: EnableBiasedLocking done
Event: 4.595 Thread 0x15cd9000 DEOPT PACKING pc=0x0326edf1 sp=0x169fde30
Event: 4.595 Thread 0x15cd9000 DEOPT UNPACKING pc=0x0319c5e5 sp=0x169fdd7c mode 3
Event: 6.515 Thread 0x030f1800 flushing nmethod 0x0320ca88
Event: 7.954 loading class javax/swing/text/GapContent$RemoveUndo
Event: 7.954 loading class javax/swing/text/GapContent$RemoveUndo done
Event: 7.954 loading class javax/swing/text/GapContent$UndoPosRef
Event: 7.954 loading class javax/swing/text/GapContent$UndoPosRef done


Dynamic libraries:
0x010c0000 - 0x010f3000 	C:\Program Files (x86)\Java\jdk1.8.0_172\bin\java.exe
0x776b0000 - 0x77840000 	C:\WINDOWS\SYSTEM32\ntdll.dll
0x74050000 - 0x74130000 	C:\WINDOWS\System32\KERNEL32.DLL
0x74a00000 - 0x74be4000 	C:\WINDOWS\System32\KERNELBASE.dll
0x68f40000 - 0x68fdd000 	C:\WINDOWS\SYSTEM32\apphelp.dll
0x74bf0000 - 0x74c68000 	C:\WINDOWS\System32\ADVAPI32.dll
0x750a0000 - 0x7515f000 	C:\WINDOWS\System32\msvcrt.dll
0x766d0000 - 0x76714000 	C:\WINDOWS\System32\sechost.dll
0x74940000 - 0x74a00000 	C:\WINDOWS\System32\RPCRT4.dll
0x73f70000 - 0x73f90000 	C:\WINDOWS\System32\SspiCli.dll
0x73f60000 - 0x73f6a000 	C:\WINDOWS\System32\CRYPTBASE.dll
0x742d0000 - 0x74328000 	C:\WINDOWS\System32\bcryptPrimitives.dll
0x77220000 - 0x773ad000 	C:\WINDOWS\System32\USER32.dll
0x73fa0000 - 0x73fb7000 	C:\WINDOWS\System32\win32u.dll
0x77490000 - 0x774b2000 	C:\WINDOWS\System32\GDI32.dll
0x747d0000 - 0x74934000 	C:\WINDOWS\System32\gdi32full.dll
0x76740000 - 0x767bd000 	C:\WINDOWS\System32\msvcp_win.dll
0x77100000 - 0x7721e000 	C:\WINDOWS\System32\ucrtbase.dll
0x6ee50000 - 0x6f054000 	C:\WINDOWS\WinSxS\x86_microsoft.windows.common-controls_6595b64144ccf1df_6.0.17134.345_none_42efd13044e18c5e\COMCTL32.dll
0x743a0000 - 0x745fc000 	C:\WINDOWS\System32\combase.dll
0x764b0000 - 0x764d6000 	C:\WINDOWS\System32\IMM32.DLL
0x65230000 - 0x652ef000 	C:\Program Files (x86)\Java\jdk1.8.0_172\jre\bin\msvcr100.dll
0x55ba0000 - 0x55f73000 	C:\Program Files (x86)\Java\jdk1.8.0_172\jre\bin\client\jvm.dll
0x73f90000 - 0x73f96000 	C:\WINDOWS\System32\PSAPI.DLL
0x70210000 - 0x70218000 	C:\WINDOWS\SYSTEM32\WSOCK32.dll
0x73e70000 - 0x73e78000 	C:\WINDOWS\SYSTEM32\VERSION.dll
0x6d490000 - 0x6d4b4000 	C:\WINDOWS\SYSTEM32\WINMM.dll
0x774c0000 - 0x77527000 	C:\WINDOWS\System32\WS2_32.dll
0x6d350000 - 0x6d373000 	C:\WINDOWS\SYSTEM32\winmmbase.dll
0x77450000 - 0x77489000 	C:\WINDOWS\System32\cfgmgr32.dll
0x69080000 - 0x6908c000 	C:\Program Files (x86)\Java\jdk1.8.0_172\jre\bin\verify.dll
0x657a0000 - 0x657c2000 	C:\Program Files (x86)\Java\jdk1.8.0_172\jre\bin\java.dll
0x65110000 - 0x65124000 	C:\Program Files (x86)\Java\jdk1.8.0_172\jre\bin\zip.dll
0x75160000 - 0x764aa000 	C:\WINDOWS\System32\SHELL32.dll
0x76aa0000 - 0x76b28000 	C:\WINDOWS\System32\shcore.dll
0x76b30000 - 0x770e9000 	C:\WINDOWS\System32\windows.storage.dll
0x74280000 - 0x742c5000 	C:\WINDOWS\System32\shlwapi.dll
0x767c0000 - 0x767cf000 	C:\WINDOWS\System32\kernel.appcore.dll
0x76720000 - 0x76738000 	C:\WINDOWS\System32\profapi.dll
0x76a40000 - 0x76a85000 	C:\WINDOWS\System32\powrprof.dll
0x747c0000 - 0x747c8000 	C:\WINDOWS\System32\FLTLIB.DLL
0x69320000 - 0x69467000 	C:\Program Files (x86)\Java\jdk1.8.0_172\jre\bin\awt.dll
0x773b0000 - 0x77446000 	C:\WINDOWS\System32\OLEAUT32.dll
0x70870000 - 0x708ec000 	C:\WINDOWS\system32\uxtheme.dll
0x74130000 - 0x74274000 	C:\WINDOWS\System32\MSCTF.dll
0x710a0000 - 0x710c3000 	C:\WINDOWS\system32\dwmapi.dll
0x76940000 - 0x76a3c000 	C:\WINDOWS\System32\ole32.dll
0x6ccf0000 - 0x6cd29000 	C:\Program Files (x86)\Java\jdk1.8.0_172\jre\bin\fontmanager.dll
0x69650000 - 0x69729000 	C:\WINDOWS\system32\opengl32.dll
0x6cd60000 - 0x6cd9f000 	C:\WINDOWS\SYSTEM32\GLU32.dll
0x61380000 - 0x61409000 	C:\Users\Vincent Limo\AppData\Local\Temp\sqlite-3.7.2-sqlitejdbc.dll
0x73fc0000 - 0x74043000 	C:\WINDOWS\System32\clbcatq.dll
0x6a280000 - 0x6a3f1000 	C:\WINDOWS\SYSTEM32\WindowsCodecs.dll
0x68330000 - 0x6837f000 	C:\WINDOWS\system32\dataexchange.dll
0x67f90000 - 0x680cc000 	C:\WINDOWS\system32\dcomp.dll
0x680d0000 - 0x68322000 	C:\WINDOWS\system32\d3d11.dll
0x67ef0000 - 0x67f88000 	C:\WINDOWS\system32\dxgi.dll
0x69750000 - 0x698b5000 	C:\WINDOWS\system32\twinapi.appcore.dll
0x69730000 - 0x6974a000 	C:\WINDOWS\system32\RMCLIENT.dll
0x63730000 - 0x63745000 	C:\Program Files (x86)\Java\jdk1.8.0_172\jre\bin\net.dll
0x71250000 - 0x712a6000 	C:\WINDOWS\system32\mswsock.dll
0x69070000 - 0x6907f000 	C:\Program Files (x86)\Java\jdk1.8.0_172\jre\bin\nio.dll
0x6c930000 - 0x6c962000 	C:\Program Files (x86)\Java\jdk1.8.0_172\jre\bin\t2k.dll
0x58520000 - 0x5859d000 	C:\WINDOWS\System32\TextInputFramework.dll
0x50780000 - 0x509dd000 	C:\WINDOWS\System32\CoreUIComponents.dll
0x575c0000 - 0x5764b000 	C:\WINDOWS\System32\CoreMessaging.dll
0x71350000 - 0x71379000 	C:\WINDOWS\SYSTEM32\ntmarta.dll
0x6cb90000 - 0x6cc66000 	C:\WINDOWS\SYSTEM32\wintypes.dll
0x6cb60000 - 0x6cb84000 	C:\Program Files (x86)\Java\jdk1.8.0_172\jre\bin\dcpr.dll
0x72110000 - 0x72292000 	C:\WINDOWS\SYSTEM32\dbghelp.dll

VM Arguments:
jvm_args: -Dfile.encoding=UTF-8 
java_command: COMPATABLITY
java_class_path (initial): C:\Users\Vincent Limo\OneDrive - Centria ammattikorkeakoulu Oy\Y 3\Java\Blood2\sqlite-jdbc-3.7.2.jar;C:\Users\Vincent Limo\OneDrive - Centria ammattikorkeakoulu Oy\Y 3\Java\Blood2\JTattoo-1.6.11.jar;C:\Users\Vincent Limo\OneDrive - Centria ammattikorkeakoulu Oy\Y 3\Java\Blood2\rs2xml.jar;C:\Users\Vincent Limo\OneDrive - Centria ammattikorkeakoulu Oy\Y 3\Java\Blood2\build\classes
Launcher Type: SUN_STANDARD

Environment Variables:
PATH=C:\Program Files (x86)\Common Files\Oracle\Java\javapath;C:\Program Files (x86)\Intel\iCLS Client\;C:\Program Files\Intel\iCLS Client\;C:\Windows\system32;C:\Windows;C:\Windows\System32\Wbem;C:\Windows\System32\WindowsPowerShell\v1.0\;C:\Program Files (x86)\Intel\Intel(R) Management Engine Components\DAL;C:\Program Files\Intel\Intel(R) Management Engine Components\DAL;C:\Program Files (x86)\Intel\Intel(R) Management Engine Components\IPT;C:\Program Files\Intel\Intel(R) Management Engine Components\IPT;C:\Program Files (x86)\NVIDIA Corporation\PhysX\Common;C:\Program Files\dotnet\;C:\Program Files\Microsoft SQL Server\130\Tools\Binn\;C:\Program Files\PuTTY\;C:\Program Files (x86)\GtkSharp\2.12\bin;C:\WINDOWS\system32;C:\WINDOWS;C:\WINDOWS\System32\Wbem;C:\WINDOWS\System32\WindowsPowerShell\v1.0\;C:\WINDOWS\System32\OpenSSH\;C:\Program Files\MySQL\MySQL Utilities 1.6\;C:\Program Files\Java\jre1.8.0_171\bin;C:\Program Files\Java\jdk1.8.0_171\bin; .;%USERPROFILE%\AppData\Local\Microsoft\WindowsApps;
USERNAME=Vincent Limo
OS=Windows_NT
PROCESSOR_IDENTIFIER=Intel64 Family 6 Model 158 Stepping 9, GenuineIntel



---------------  S Y S T E M  ---------------

OS: Windows 10.0 , 64 bit Build 17134 (10.0.17134.1)

CPU:total 4 (initial active 4) (4 cores per cpu, 1 threads per core) family 6 model 158 stepping 9, cmov, cx8, fxsr, mmx, sse, sse2, sse3, ssse3, sse4.1, sse4.2, popcnt, avx, avx2, aes, clmul, erms, 3dnowpref, lzcnt, tsc, tscinvbit, bmi1, bmi2, adx

Memory: 4k page, physical 8269412k(1717408k free), swap 12919296k(1820656k free)

vm_info: Java HotSpot(TM) Client VM (25.172-b11) for windows-x86 JRE (1.8.0_172-b11), built on Mar 28 2018 20:19:55 by "java_re" with MS VC++ 10.0 (VS2010)

time: Sat Nov 03 15:12:03 2018
elapsed time: 7 seconds (0d 0h 0m 7s)

