#
# A fatal error has been detected by the Java Runtime Environment:
#
#  EXCEPTION_ACCESS_VIOLATION (0xc0000005) at pc=0x55c7ba6e, pid=16776, tid=0x00002030
#
# JRE version: Java(TM) SE Runtime Environment (8.0_172-b11) (build 1.8.0_172-b11)
# Java VM: Java HotSpot(TM) Client VM (25.172-b11 mixed mode, sharing windows-x86 )
# Problematic frame:
# V  [jvm.dll+0xdba6e]
#
# Failed to write core dump. Minidumps are not enabled by default on client versions of Windows
#
# If you would like to submit a bug report, please visit:
#   http://bugreport.java.com/bugreport/crash.jsp
#

---------------  T H R E A D  ---------------

Current thread (0x152b1000):  JavaThread "AWT-EventQueue-0" [_thread_in_vm, id=8240, stack(0x156f0000,0x15740000)]

siginfo: ExceptionCode=0xc0000005, reading address 0x00000000

Registers:
EAX=0x00000000, EBX=0x00000000, ECX=0x00000000, EDX=0x00000000
ESP=0x1573e3a8, EBP=0x1573e3d8, ESI=0x00a04d50, EDI=0x152b1000
EIP=0x55c7ba6e, EFLAGS=0x00010246

Top of Stack: (sp=0x1573e3a8)
0x1573e3a8:   152b1140 00a04d50 14a81048 fffffffe
0x1573e3b8:   1573e3d8 613813c4 00a04d50 00000000
0x1573e3c8:   152b1000 00000000 04a9f6a0 14a81048
0x1573e3d8:   1573e408 61381f65 152b1000 00000000
0x1573e3e8:   00000000 1573e5b4 04a9f6a0 3c1338cf
0x1573e3f8:   1573e434 14a81048 14a81040 152b1000
0x1573e408:   1573e454 0269e22f 152b1140 1573e468
0x1573e418:   00000000 1573e43c 14a90848 00000000 

Instructions: (pc=0x55c7ba6e)
0x55c7ba4e:   e8 7d b8 f2 ff 33 db 83 c4 08 89 7d f0 89 5d f4
0x55c7ba5e:   39 5f 04 74 08 8d 4d f0 e8 75 ed 0c 00 8b 45 0c
0x55c7ba6e:   8b 30 8b 0d a0 d6 f1 55 39 1c 31 74 45 56 e8 5f
0x55c7ba7e:   9a f6 ff 83 c4 04 6a 00 6a 00 8d 4d dc 8d 78 01 


Register to memory mapping:

EAX=0x00000000 is an unknown value
EBX=0x00000000 is an unknown value
ECX=0x00000000 is an unknown value
EDX=0x00000000 is an unknown value
ESP=0x1573e3a8 is pointing into the stack for thread: 0x152b1000
EBP=0x1573e3d8 is pointing into the stack for thread: 0x152b1000
ESI=0x00a04d50 is an unknown value
EDI=0x152b1000 is a thread


Stack: [0x156f0000,0x15740000],  sp=0x1573e3a8,  free space=312k
Native frames: (J=compiled Java code, j=interpreted, Vv=VM code, C=native code)
V  [jvm.dll+0xdba6e]
C  [sqlite-3.7.2-sqlitejdbc.dll+0x1f65]
j  org.sqlite.NativeDB.prepare(Ljava/lang/String;)J+0
j  org.sqlite.DB.prepare(Lorg/sqlite/Stmt;)V+21
j  org.sqlite.PrepStmt.<init>(Lorg/sqlite/Conn;Ljava/lang/String;)V+15
j  org.sqlite.Conn.prepareStatement(Ljava/lang/String;III)Ljava/sql/PreparedStatement;+14
j  org.sqlite.Conn.prepareStatement(Ljava/lang/String;II)Ljava/sql/PreparedStatement;+5
j  org.sqlite.Conn.prepareStatement(Ljava/lang/String;)Ljava/sql/PreparedStatement;+8
j  COMPATABLITY.Search2(Ljava/lang/String;)V+6
j  COMPATABLITY.COMPATIBLE()V+476
j  COMPATABLITY.jButton2ActionPerformed(Ljava/awt/event/ActionEvent;)V+1
j  COMPATABLITY.access$100(LCOMPATABLITY;Ljava/awt/event/ActionEvent;)V+2
j  COMPATABLITY$2.actionPerformed(Ljava/awt/event/ActionEvent;)V+5
j  javax.swing.AbstractButton.fireActionPerformed(Ljava/awt/event/ActionEvent;)V+83
j  javax.swing.AbstractButton$Handler.actionPerformed(Ljava/awt/event/ActionEvent;)V+5
j  javax.swing.DefaultButtonModel.fireActionPerformed(Ljava/awt/event/ActionEvent;)V+34
j  javax.swing.DefaultButtonModel.setPressed(Z)V+117
j  javax.swing.plaf.basic.BasicButtonListener.mouseReleased(Ljava/awt/event/MouseEvent;)V+35
j  java.awt.Component.processMouseEvent(Ljava/awt/event/MouseEvent;)V+64
j  javax.swing.JComponent.processMouseEvent(Ljava/awt/event/MouseEvent;)V+23
j  java.awt.Component.processEvent(Ljava/awt/AWTEvent;)V+81
j  java.awt.Container.processEvent(Ljava/awt/AWTEvent;)V+18
j  java.awt.Component.dispatchEventImpl(Ljava/awt/AWTEvent;)V+589
j  java.awt.Container.dispatchEventImpl(Ljava/awt/AWTEvent;)V+42
j  java.awt.Component.dispatchEvent(Ljava/awt/AWTEvent;)V+2
j  java.awt.LightweightDispatcher.retargetMouseEvent(Ljava/awt/Component;ILjava/awt/event/MouseEvent;)V+349
j  java.awt.LightweightDispatcher.processMouseEvent(Ljava/awt/event/MouseEvent;)Z+155
j  java.awt.LightweightDispatcher.dispatchEvent(Ljava/awt/AWTEvent;)Z+50
j  java.awt.Container.dispatchEventImpl(Ljava/awt/AWTEvent;)V+12
j  java.awt.Window.dispatchEventImpl(Ljava/awt/AWTEvent;)V+19
j  java.awt.Component.dispatchEvent(Ljava/awt/AWTEvent;)V+2
j  java.awt.EventQueue.dispatchEventImpl(Ljava/awt/AWTEvent;Ljava/lang/Object;)V+41
j  java.awt.EventQueue.access$500(Ljava/awt/EventQueue;Ljava/awt/AWTEvent;Ljava/lang/Object;)V+3
j  java.awt.EventQueue$3.run()Ljava/lang/Void;+32
j  java.awt.EventQueue$3.run()Ljava/lang/Object;+1
v  ~StubRoutines::call_stub
V  [jvm.dll+0x15c085]
V  [jvm.dll+0x2239de]
V  [jvm.dll+0x15c11e]
V  [jvm.dll+0x10c2af]
C  [java.dll+0x102f]
j  java.security.ProtectionDomain$JavaSecurityAccessImpl.doIntersectionPrivilege(Ljava/security/PrivilegedAction;Ljava/security/AccessControlContext;Ljava/security/AccessControlContext;)Ljava/lang/Object;+18
j  java.security.ProtectionDomain$JavaSecurityAccessImpl.doIntersectionPrivilege(Ljava/security/PrivilegedAction;Ljava/security/AccessControlContext;)Ljava/lang/Object;+6
j  java.awt.EventQueue$4.run()Ljava/lang/Void;+11
j  java.awt.EventQueue$4.run()Ljava/lang/Object;+1
v  ~StubRoutines::call_stub
V  [jvm.dll+0x15c085]
V  [jvm.dll+0x2239de]
V  [jvm.dll+0x15c11e]
V  [jvm.dll+0x10c2af]
C  [java.dll+0x102f]
j  java.security.ProtectionDomain$JavaSecurityAccessImpl.doIntersectionPrivilege(Ljava/security/PrivilegedAction;Ljava/security/AccessControlContext;Ljava/security/AccessControlContext;)Ljava/lang/Object;+18
j  java.awt.EventQueue.dispatchEvent(Ljava/awt/AWTEvent;)V+73
j  java.awt.EventDispatchThread.pumpOneEventForFilters(I)V+140
j  java.awt.EventDispatchThread.pumpEventsForFilter(ILjava/awt/Conditional;Ljava/awt/EventFilter;)V+35
j  java.awt.EventDispatchThread.pumpEventsForHierarchy(ILjava/awt/Conditional;Ljava/awt/Component;)V+11
j  java.awt.EventDispatchThread.pumpEvents(ILjava/awt/Conditional;)V+4
j  java.awt.EventDispatchThread.pumpEvents(Ljava/awt/Conditional;)V+3
j  java.awt.EventDispatchThread.run()V+9
v  ~StubRoutines::call_stub
V  [jvm.dll+0x15c085]
V  [jvm.dll+0x2239de]
V  [jvm.dll+0x15c11e]
V  [jvm.dll+0x15c2a6]
V  [jvm.dll+0x15c317]
V  [jvm.dll+0x10024f]
V  [jvm.dll+0x17f2a0]
V  [jvm.dll+0x17fb1a]
V  [jvm.dll+0x1c5416]
C  [msvcr100.dll+0x5c556]
C  [msvcr100.dll+0x5c600]
C  [KERNEL32.DLL+0x18484]
C  [ntdll.dll+0x6305a]
C  [ntdll.dll+0x6302a]
C  0x00000000

Java frames: (J=compiled Java code, j=interpreted, Vv=VM code)
j  org.sqlite.NativeDB.prepare(Ljava/lang/String;)J+0
j  org.sqlite.DB.prepare(Lorg/sqlite/Stmt;)V+21
j  org.sqlite.PrepStmt.<init>(Lorg/sqlite/Conn;Ljava/lang/String;)V+15
j  org.sqlite.Conn.prepareStatement(Ljava/lang/String;III)Ljava/sql/PreparedStatement;+14
j  org.sqlite.Conn.prepareStatement(Ljava/lang/String;II)Ljava/sql/PreparedStatement;+5
j  org.sqlite.Conn.prepareStatement(Ljava/lang/String;)Ljava/sql/PreparedStatement;+8
j  COMPATABLITY.Search2(Ljava/lang/String;)V+6
j  COMPATABLITY.COMPATIBLE()V+476
j  COMPATABLITY.jButton2ActionPerformed(Ljava/awt/event/ActionEvent;)V+1
j  COMPATABLITY.access$100(LCOMPATABLITY;Ljava/awt/event/ActionEvent;)V+2
j  COMPATABLITY$2.actionPerformed(Ljava/awt/event/ActionEvent;)V+5
j  javax.swing.AbstractButton.fireActionPerformed(Ljava/awt/event/ActionEvent;)V+83
j  javax.swing.AbstractButton$Handler.actionPerformed(Ljava/awt/event/ActionEvent;)V+5
j  javax.swing.DefaultButtonModel.fireActionPerformed(Ljava/awt/event/ActionEvent;)V+34
j  javax.swing.DefaultButtonModel.setPressed(Z)V+117
j  javax.swing.plaf.basic.BasicButtonListener.mouseReleased(Ljava/awt/event/MouseEvent;)V+35
j  java.awt.Component.processMouseEvent(Ljava/awt/event/MouseEvent;)V+64
j  javax.swing.JComponent.processMouseEvent(Ljava/awt/event/MouseEvent;)V+23
j  java.awt.Component.processEvent(Ljava/awt/AWTEvent;)V+81
j  java.awt.Container.processEvent(Ljava/awt/AWTEvent;)V+18
j  java.awt.Component.dispatchEventImpl(Ljava/awt/AWTEvent;)V+589
j  java.awt.Container.dispatchEventImpl(Ljava/awt/AWTEvent;)V+42
j  java.awt.Component.dispatchEvent(Ljava/awt/AWTEvent;)V+2
j  java.awt.LightweightDispatcher.retargetMouseEvent(Ljava/awt/Component;ILjava/awt/event/MouseEvent;)V+349
j  java.awt.LightweightDispatcher.processMouseEvent(Ljava/awt/event/MouseEvent;)Z+155
j  java.awt.LightweightDispatcher.dispatchEvent(Ljava/awt/AWTEvent;)Z+50
j  java.awt.Container.dispatchEventImpl(Ljava/awt/AWTEvent;)V+12
j  java.awt.Window.dispatchEventImpl(Ljava/awt/AWTEvent;)V+19
j  java.awt.Component.dispatchEvent(Ljava/awt/AWTEvent;)V+2
j  java.awt.EventQueue.dispatchEventImpl(Ljava/awt/AWTEvent;Ljava/lang/Object;)V+41
j  java.awt.EventQueue.access$500(Ljava/awt/EventQueue;Ljava/awt/AWTEvent;Ljava/lang/Object;)V+3
j  java.awt.EventQueue$3.run()Ljava/lang/Void;+32
j  java.awt.EventQueue$3.run()Ljava/lang/Object;+1
v  ~StubRoutines::call_stub
j  java.security.AccessController.doPrivileged(Ljava/security/PrivilegedAction;Ljava/security/AccessControlContext;)Ljava/lang/Object;+0
j  java.security.ProtectionDomain$JavaSecurityAccessImpl.doIntersectionPrivilege(Ljava/security/PrivilegedAction;Ljava/security/AccessControlContext;Ljava/security/AccessControlContext;)Ljava/lang/Object;+18
j  java.security.ProtectionDomain$JavaSecurityAccessImpl.doIntersectionPrivilege(Ljava/security/PrivilegedAction;Ljava/security/AccessControlContext;)Ljava/lang/Object;+6
j  java.awt.EventQueue$4.run()Ljava/lang/Void;+11
j  java.awt.EventQueue$4.run()Ljava/lang/Object;+1
v  ~StubRoutines::call_stub
j  java.security.AccessController.doPrivileged(Ljava/security/PrivilegedAction;Ljava/security/AccessControlContext;)Ljava/lang/Object;+0
j  java.security.ProtectionDomain$JavaSecurityAccessImpl.doIntersectionPrivilege(Ljava/security/PrivilegedAction;Ljava/security/AccessControlContext;Ljava/security/AccessControlContext;)Ljava/lang/Object;+18
j  java.awt.EventQueue.dispatchEvent(Ljava/awt/AWTEvent;)V+73
j  java.awt.EventDispatchThread.pumpOneEventForFilters(I)V+140
j  java.awt.EventDispatchThread.pumpEventsForFilter(ILjava/awt/Conditional;Ljava/awt/EventFilter;)V+35
j  java.awt.EventDispatchThread.pumpEventsForHierarchy(ILjava/awt/Conditional;Ljava/awt/Component;)V+11
j  java.awt.EventDispatchThread.pumpEvents(ILjava/awt/Conditional;)V+4
j  java.awt.EventDispatchThread.pumpEvents(Ljava/awt/Conditional;)V+3
j  java.awt.EventDispatchThread.run()V+9
v  ~StubRoutines::call_stub

---------------  P R O C E S S  ---------------

Java Threads: ( => current thread )
  0x0268d000 JavaThread "DestroyJavaVM" [_thread_blocked, id=14168, stack(0x024e0000,0x02530000)]
=>0x152b1000 JavaThread "AWT-EventQueue-0" [_thread_in_vm, id=8240, stack(0x156f0000,0x15740000)]
  0x15296c00 JavaThread "AWT-Windows" daemon [_thread_in_native, id=19272, stack(0x15620000,0x15670000)]
  0x15295c00 JavaThread "AWT-Shutdown" [_thread_blocked, id=6244, stack(0x15590000,0x155e0000)]
  0x15295000 JavaThread "Java2D Disposer" daemon [_thread_blocked, id=20076, stack(0x15500000,0x15550000)]
  0x0261d400 JavaThread "Service Thread" daemon [_thread_blocked, id=16156, stack(0x150f0000,0x15140000)]
  0x02601800 JavaThread "C1 CompilerThread0" daemon [_thread_blocked, id=12864, stack(0x15060000,0x150b0000)]
  0x02600800 JavaThread "Attach Listener" daemon [_thread_blocked, id=12916, stack(0x14fd0000,0x15020000)]
  0x025fe800 JavaThread "Signal Dispatcher" daemon [_thread_blocked, id=1432, stack(0x14f40000,0x14f90000)]
  0x025f5c00 JavaThread "Finalizer" daemon [_thread_blocked, id=18832, stack(0x14dc0000,0x14e10000)]
  0x02597400 JavaThread "Reference Handler" daemon [_thread_blocked, id=15344, stack(0x14d30000,0x14d80000)]

Other Threads:
  0x02594c00 VMThread [stack: 0x14ca0000,0x14cf0000] [id=18632]
  0x02636c00 WatcherThread [stack: 0x15180000,0x151d0000] [id=3420]

VM state:not at safepoint (normal execution)

VM Mutex/Monitor currently owned by a thread: None

Heap:
 def new generation   total 4928K, used 3247K [0x04800000, 0x04d50000, 0x09d50000)
  eden space 4416K,  61% used [0x04800000, 0x04aabc08, 0x04c50000)
  from space 512K, 100% used [0x04cd0000, 0x04d50000, 0x04d50000)
  to   space 512K,   0% used [0x04c50000, 0x04c50000, 0x04cd0000)
 tenured generation   total 10944K, used 7137K [0x09d50000, 0x0a800000, 0x14800000)
   the space 10944K,  65% used [0x09d50000, 0x0a4484c0, 0x0a448600, 0x0a800000)
 Metaspace       used 1664K, capacity 2701K, committed 2752K, reserved 4480K

Card table byte_map: [0x04710000,0x047a0000] byte_map_base: 0x046ec000

Polling page: 0x00b60000

CodeCache: size=32768Kb used=1074Kb max_used=1074Kb free=31693Kb
 bounds [0x02690000, 0x027a0000, 0x04690000]
 total_blobs=544 nmethods=313 adapters=162
 compilation: enabled

Compilation events (10 events):
Event: 3.927 Thread 0x02601800  309             java.beans.PropertyChangeEvent::getPropertyName (5 bytes)
Event: 3.927 Thread 0x02601800 nmethod 309 0x0279bb88 code [0x0279bc80, 0x0279bd00]
Event: 4.948 Thread 0x02601800  311             java.security.AccessControlContext::calculateFields (89 bytes)
Event: 4.948 Thread 0x02601800 nmethod 311 0x0279bfc8 code [0x0279c0e0, 0x0279c238]
Event: 4.971 Thread 0x02601800  312             java.lang.Boolean::booleanValue (5 bytes)
Event: 4.971 Thread 0x02601800 nmethod 312 0x0279c348 code [0x0279c440, 0x0279c4c0]
Event: 5.939 Thread 0x02601800  314             java.util.IdentityHashMap::clear (39 bytes)
Event: 5.940 Thread 0x02601800 nmethod 314 0x0279c7c8 code [0x0279c8c0, 0x0279c980]
Event: 5.941 Thread 0x02601800  315   !         javax.swing.UIDefaults::getFromResourceBundle (69 bytes)
Event: 5.941 Thread 0x02601800 nmethod 315 0x0279ca08 code [0x0279cb30, 0x0279cf68]

GC Heap History (2 events):
Event: 0.292 GC heap before
{Heap before GC invocations=0 (full 0):
 def new generation   total 4928K, used 4416K [0x04800000, 0x04d50000, 0x09d50000)
  eden space 4416K, 100% used [0x04800000, 0x04c50000, 0x04c50000)
  from space 512K,   0% used [0x04c50000, 0x04c50000, 0x04cd0000)
  to   space 512K,   0% used [0x04cd0000, 0x04cd0000, 0x04d50000)
 tenured generation   total 10944K, used 0K [0x09d50000, 0x0a800000, 0x14800000)
   the space 10944K,   0% used [0x09d50000, 0x09d50000, 0x09d50200, 0x0a800000)
 Metaspace       used 1106K, capacity 2560K, committed 2624K, reserved 4480K
Event: 0.298 GC heap after
Heap after GC invocations=1 (full 0):
 def new generation   total 4928K, used 512K [0x04800000, 0x04d50000, 0x09d50000)
  eden space 4416K,   0% used [0x04800000, 0x04800000, 0x04c50000)
  from space 512K, 100% used [0x04cd0000, 0x04d50000, 0x04d50000)
  to   space 512K,   0% used [0x04c50000, 0x04c50000, 0x04cd0000)
 tenured generation   total 10944K, used 1094K [0x09d50000, 0x0a800000, 0x14800000)
   the space 10944K,  10% used [0x09d50000, 0x09e61ac8, 0x09e61c00, 0x0a800000)
 Metaspace       used 1106K, capacity 2560K, committed 2624K, reserved 4480K
}

Deoptimization events (0 events):
No events

Classes redefined (0 events):
No events

Internal exceptions (10 events):
Event: 0.200 Thread 0x0268d000 Exception <a 'java/lang/ClassNotFoundException': ToolBar> (0x04ab5178) thrown at [C:\re\workspace\8-2-build-windows-i586-cygwin\jdk8u172\10810\hotspot\src\share\vm\classfile\systemDictionary.cpp, line 210]
Event: 0.200 Thread 0x0268d000 Exception <a 'java/lang/ClassNotFoundException': ToggleButton> (0x04ab56c0) thrown at [C:\re\workspace\8-2-build-windows-i586-cygwin\jdk8u172\10810\hotspot\src\share\vm\classfile\systemDictionary.cpp, line 210]
Event: 0.200 Thread 0x0268d000 Exception <a 'java/lang/ClassNotFoundException': javax/swing/JToolBarSeparator> (0x04ab5ac8) thrown at [C:\re\workspace\8-2-build-windows-i586-cygwin\jdk8u172\10810\hotspot\src\share\vm\classfile\systemDictionary.cpp, line 210]
Event: 0.200 Thread 0x0268d000 Exception <a 'java/lang/ClassNotFoundException': ToolBarSeparator> (0x04ab5f20) thrown at [C:\re\workspace\8-2-build-windows-i586-cygwin\jdk8u172\10810\hotspot\src\share\vm\classfile\systemDictionary.cpp, line 210]
Event: 0.200 Thread 0x0268d000 Exception <a 'java/lang/ClassNotFoundException': ToolTip> (0x04ab65c8) thrown at [C:\re\workspace\8-2-build-windows-i586-cygwin\jdk8u172\10810\hotspot\src\share\vm\classfile\systemDictionary.cpp, line 210]
Event: 0.201 Thread 0x0268d000 Exception <a 'java/lang/ClassNotFoundException': Tree> (0x04ab70b0) thrown at [C:\re\workspace\8-2-build-windows-i586-cygwin\jdk8u172\10810\hotspot\src\share\vm\classfile\systemDictionary.cpp, line 210]
Event: 0.201 Thread 0x0268d000 Exception <a 'java/lang/ClassNotFoundException': Tree> (0x04ab7750) thrown at [C:\re\workspace\8-2-build-windows-i586-cygwin\jdk8u172\10810\hotspot\src\share\vm\classfile\systemDictionary.cpp, line 210]
Event: 0.201 Thread 0x0268d000 Exception <a 'java/lang/ClassNotFoundException': javax/swing/JTreeCell> (0x04ab7a88) thrown at [C:\re\workspace\8-2-build-windows-i586-cygwin\jdk8u172\10810\hotspot\src\share\vm\classfile\systemDictionary.cpp, line 210]
Event: 0.201 Thread 0x0268d000 Exception <a 'java/lang/ClassNotFoundException': TreeCell> (0x04ab7ed0) thrown at [C:\re\workspace\8-2-build-windows-i586-cygwin\jdk8u172\10810\hotspot\src\share\vm\classfile\systemDictionary.cpp, line 210]
Event: 0.201 Thread 0x0268d000 Exception <a 'java/lang/ClassNotFoundException': RootPane> (0x04ab8848) thrown at [C:\re\workspace\8-2-build-windows-i586-cygwin\jdk8u172\10810\hotspot\src\share\vm\classfile\systemDictionary.cpp, line 210]

Events (10 events):
Event: 3.923 loading class java/awt/geom/Path2D$Iterator
Event: 3.923 loading class java/awt/geom/Path2D$Iterator done
Event: 3.923 loading class java/awt/geom/Path2D$Float$TxIterator done
Event: 4.117 Executing VM operation: EnableBiasedLocking
Event: 4.117 Executing VM operation: EnableBiasedLocking done
Event: 5.940 Thread 0x02601800 flushing nmethod 0x02784288
Event: 6.036 loading class java/awt/KeyboardFocusManager$2
Event: 6.036 loading class java/awt/KeyboardFocusManager$2 done
Event: 6.036 loading class sun/awt/SunToolkit$1
Event: 6.037 loading class sun/awt/SunToolkit$1 done


Dynamic libraries:
0x00960000 - 0x00993000 	C:\Program Files (x86)\Java\jdk1.8.0_172\bin\java.exe
0x776b0000 - 0x77840000 	C:\WINDOWS\SYSTEM32\ntdll.dll
0x74050000 - 0x74130000 	C:\WINDOWS\System32\KERNEL32.DLL
0x74a00000 - 0x74be4000 	C:\WINDOWS\System32\KERNELBASE.dll
0x68f40000 - 0x68fdd000 	C:\WINDOWS\SYSTEM32\apphelp.dll
0x74bf0000 - 0x74c68000 	C:\WINDOWS\System32\ADVAPI32.dll
0x750a0000 - 0x7515f000 	C:\WINDOWS\System32\msvcrt.dll
0x766d0000 - 0x76714000 	C:\WINDOWS\System32\sechost.dll
0x74940000 - 0x74a00000 	C:\WINDOWS\System32\RPCRT4.dll
0x73f70000 - 0x73f90000 	C:\WINDOWS\System32\SspiCli.dll
0x73f60000 - 0x73f6a000 	C:\WINDOWS\System32\CRYPTBASE.dll
0x742d0000 - 0x74328000 	C:\WINDOWS\System32\bcryptPrimitives.dll
0x77220000 - 0x773ad000 	C:\WINDOWS\System32\USER32.dll
0x73fa0000 - 0x73fb7000 	C:\WINDOWS\System32\win32u.dll
0x77490000 - 0x774b2000 	C:\WINDOWS\System32\GDI32.dll
0x747d0000 - 0x74934000 	C:\WINDOWS\System32\gdi32full.dll
0x76740000 - 0x767bd000 	C:\WINDOWS\System32\msvcp_win.dll
0x77100000 - 0x7721e000 	C:\WINDOWS\System32\ucrtbase.dll
0x6ee50000 - 0x6f054000 	C:\WINDOWS\WinSxS\x86_microsoft.windows.common-controls_6595b64144ccf1df_6.0.17134.345_none_42efd13044e18c5e\COMCTL32.dll
0x743a0000 - 0x745fc000 	C:\WINDOWS\System32\combase.dll
0x764b0000 - 0x764d6000 	C:\WINDOWS\System32\IMM32.DLL
0x65230000 - 0x652ef000 	C:\Program Files (x86)\Java\jdk1.8.0_172\jre\bin\msvcr100.dll
0x55ba0000 - 0x55f73000 	C:\Program Files (x86)\Java\jdk1.8.0_172\jre\bin\client\jvm.dll
0x73f90000 - 0x73f96000 	C:\WINDOWS\System32\PSAPI.DLL
0x70210000 - 0x70218000 	C:\WINDOWS\SYSTEM32\WSOCK32.dll
0x73e70000 - 0x73e78000 	C:\WINDOWS\SYSTEM32\VERSION.dll
0x774c0000 - 0x77527000 	C:\WINDOWS\System32\WS2_32.dll
0x6d490000 - 0x6d4b4000 	C:\WINDOWS\SYSTEM32\WINMM.dll
0x6d350000 - 0x6d373000 	C:\WINDOWS\SYSTEM32\winmmbase.dll
0x77450000 - 0x77489000 	C:\WINDOWS\System32\cfgmgr32.dll
0x69080000 - 0x6908c000 	C:\Program Files (x86)\Java\jdk1.8.0_172\jre\bin\verify.dll
0x657a0000 - 0x657c2000 	C:\Program Files (x86)\Java\jdk1.8.0_172\jre\bin\java.dll
0x65110000 - 0x65124000 	C:\Program Files (x86)\Java\jdk1.8.0_172\jre\bin\zip.dll
0x75160000 - 0x764aa000 	C:\WINDOWS\System32\SHELL32.dll
0x76aa0000 - 0x76b28000 	C:\WINDOWS\System32\shcore.dll
0x76b30000 - 0x770e9000 	C:\WINDOWS\System32\windows.storage.dll
0x74280000 - 0x742c5000 	C:\WINDOWS\System32\shlwapi.dll
0x767c0000 - 0x767cf000 	C:\WINDOWS\System32\kernel.appcore.dll
0x76720000 - 0x76738000 	C:\WINDOWS\System32\profapi.dll
0x76a40000 - 0x76a85000 	C:\WINDOWS\System32\powrprof.dll
0x747c0000 - 0x747c8000 	C:\WINDOWS\System32\FLTLIB.DLL
0x69320000 - 0x69467000 	C:\Program Files (x86)\Java\jdk1.8.0_172\jre\bin\awt.dll
0x773b0000 - 0x77446000 	C:\WINDOWS\System32\OLEAUT32.dll
0x70870000 - 0x708ec000 	C:\WINDOWS\system32\uxtheme.dll
0x74130000 - 0x74274000 	C:\WINDOWS\System32\MSCTF.dll
0x710a0000 - 0x710c3000 	C:\WINDOWS\system32\dwmapi.dll
0x76940000 - 0x76a3c000 	C:\WINDOWS\System32\ole32.dll
0x692a0000 - 0x692d9000 	C:\Program Files (x86)\Java\jdk1.8.0_172\jre\bin\fontmanager.dll
0x69150000 - 0x69229000 	C:\WINDOWS\system32\opengl32.dll
0x692e0000 - 0x6931f000 	C:\WINDOWS\SYSTEM32\GLU32.dll
0x61380000 - 0x61409000 	C:\Users\Vincent Limo\AppData\Local\Temp\sqlite-3.7.2-sqlitejdbc.dll
0x73fc0000 - 0x74043000 	C:\WINDOWS\System32\clbcatq.dll
0x6a280000 - 0x6a3f1000 	C:\WINDOWS\SYSTEM32\WindowsCodecs.dll
0x68330000 - 0x6837f000 	C:\WINDOWS\system32\dataexchange.dll
0x680d0000 - 0x68322000 	C:\WINDOWS\system32\d3d11.dll
0x67f90000 - 0x680cc000 	C:\WINDOWS\system32\dcomp.dll
0x67ef0000 - 0x67f88000 	C:\WINDOWS\system32\dxgi.dll
0x69750000 - 0x698b5000 	C:\WINDOWS\system32\twinapi.appcore.dll
0x69730000 - 0x6974a000 	C:\WINDOWS\system32\RMCLIENT.dll
0x63730000 - 0x63745000 	C:\Program Files (x86)\Java\jdk1.8.0_172\jre\bin\net.dll
0x71250000 - 0x712a6000 	C:\WINDOWS\system32\mswsock.dll
0x69070000 - 0x6907f000 	C:\Program Files (x86)\Java\jdk1.8.0_172\jre\bin\nio.dll
0x69110000 - 0x69142000 	C:\Program Files (x86)\Java\jdk1.8.0_172\jre\bin\t2k.dll
0x58520000 - 0x5859d000 	C:\WINDOWS\System32\TextInputFramework.dll
0x50780000 - 0x509dd000 	C:\WINDOWS\System32\CoreUIComponents.dll
0x575c0000 - 0x5764b000 	C:\WINDOWS\System32\CoreMessaging.dll
0x71350000 - 0x71379000 	C:\WINDOWS\SYSTEM32\ntmarta.dll
0x6cb90000 - 0x6cc66000 	C:\WINDOWS\SYSTEM32\wintypes.dll
0x690b0000 - 0x690d4000 	C:\Program Files (x86)\Java\jdk1.8.0_172\jre\bin\dcpr.dll
0x72110000 - 0x72292000 	C:\WINDOWS\SYSTEM32\dbghelp.dll

VM Arguments:
jvm_args: -Dfile.encoding=UTF-8 
java_command: COMPATABLITY
java_class_path (initial): C:\Users\Vincent Limo\OneDrive - Centria ammattikorkeakoulu Oy\Y 3\Java\Blood2\sqlite-jdbc-3.7.2.jar;C:\JTatoo_Java\JTattoo-1.6.11.jar;C:\Users\Vincent Limo\OneDrive - Centria ammattikorkeakoulu Oy\Y 3\Java\Blood2\rs2xml.jar;C:\Users\Vincent Limo\OneDrive - Centria ammattikorkeakoulu Oy\Y 3\Java\Blood2\build\classes
Launcher Type: SUN_STANDARD

Environment Variables:
PATH=C:\Program Files (x86)\Common Files\Oracle\Java\javapath;C:\Program Files (x86)\Intel\iCLS Client\;C:\Program Files\Intel\iCLS Client\;C:\Windows\system32;C:\Windows;C:\Windows\System32\Wbem;C:\Windows\System32\WindowsPowerShell\v1.0\;C:\Program Files (x86)\Intel\Intel(R) Management Engine Components\DAL;C:\Program Files\Intel\Intel(R) Management Engine Components\DAL;C:\Program Files (x86)\Intel\Intel(R) Management Engine Components\IPT;C:\Program Files\Intel\Intel(R) Management Engine Components\IPT;C:\Program Files (x86)\NVIDIA Corporation\PhysX\Common;C:\Program Files\dotnet\;C:\Program Files\Microsoft SQL Server\130\Tools\Binn\;C:\Program Files\PuTTY\;C:\Program Files (x86)\GtkSharp\2.12\bin;C:\WINDOWS\system32;C:\WINDOWS;C:\WINDOWS\System32\Wbem;C:\WINDOWS\System32\WindowsPowerShell\v1.0\;C:\WINDOWS\System32\OpenSSH\;C:\Program Files\MySQL\MySQL Utilities 1.6\;C:\Program Files\Java\jre1.8.0_171\bin;C:\Program Files\Java\jdk1.8.0_171\bin; .;%USERPROFILE%\AppData\Local\Microsoft\WindowsApps;
USERNAME=Vincent Limo
OS=Windows_NT
PROCESSOR_IDENTIFIER=Intel64 Family 6 Model 158 Stepping 9, GenuineIntel



---------------  S Y S T E M  ---------------

OS: Windows 10.0 , 64 bit Build 17134 (10.0.17134.1)

CPU:total 4 (initial active 4) (4 cores per cpu, 1 threads per core) family 6 model 158 stepping 9, cmov, cx8, fxsr, mmx, sse, sse2, sse3, ssse3, sse4.1, sse4.2, popcnt, avx, avx2, aes, clmul, erms, 3dnowpref, lzcnt, tsc, tscinvbit, bmi1, bmi2, adx

Memory: 4k page, physical 8269412k(2332896k free), swap 13302660k(2342148k free)

vm_info: Java HotSpot(TM) Client VM (25.172-b11) for windows-x86 JRE (1.8.0_172-b11), built on Mar 28 2018 20:19:55 by "java_re" with MS VC++ 10.0 (VS2010)

time: Wed Oct 31 14:02:56 2018
elapsed time: 6 seconds (0d 0h 0m 6s)

